<?xml version="1.0" encoding="UTF-8"?>
<testsuite errors="0" failures="1" name="StateTest.TestPrefix-20151014150201" tests="1" time="0.071">
	<properties/>
	<system-out>
<![CDATA[]]>	</system-out>
	<system-err>
<![CDATA[]]>	</system-err>
	<testcase classname="StateTest.TestPrefix" name="test_sensor_prefix_split" time="0.071">
		<failure message="" type="AssertionError">
<![CDATA[Traceback (most recent call last):
  File "/home/saikappa/workspace/SciPass/python/t/StateTest.py", line 38, in test_sensor_prefix_split
    assert(prefix in ["10.0.18.0/25", "10.0.18.128/25"])
AssertionError
]]>		</failure>
	</testcase>
</testsuite>
