<?xml version="1.0" encoding="UTF-8"?>
<testsuite errors="1" failures="0" name="SimpleBalancerOnlyTest.SimpleBalancerInitTest-20151119144735" tests="2" time="405.062">
	<properties/>
	<system-out>
<![CDATA[]]>	</system-out>
	<system-err>
<![CDATA[]]>	</system-err>
	<testcase classname="SimpleBalancerOnlyTest.SimpleBalancerInitTest" name="testInit" time="1.462"/>
	<testcase classname="SimpleBalancerOnlyTest.SimpleBalancerInitTest" name="testSimpleBalance" time="403.600">
		<error message="global name 'totat_runs' is not defined" type="NameError">
<![CDATA[Traceback (most recent call last):
  File "/home/saikappa/workspace/SciPass/python/t/SimpleBalancerOnlyTest.py", line 189, in testSimpleBalance
    logging.error(totat_runs)
NameError: global name 'totat_runs' is not defined
]]>		</error>
	</testcase>
</testsuite>
