<?xml version="1.0" encoding="UTF-8"?>
<testsuite errors="0" failures="1" name="SimpleBalancerOnlyTest.SimpleBalancerInitTest-20151020174032" tests="1" time="0.114">
	<properties/>
	<system-out>
<![CDATA[90
]]>	</system-out>
	<system-err>
<![CDATA[]]>	</system-err>
	<testcase classname="SimpleBalancerOnlyTest.SimpleBalancerInitTest" name="testInit" time="0.114">
		<failure message="90 != 566" type="AssertionError">
<![CDATA[Traceback (most recent call last):
  File "/home/saikappa/workspace/SciPass/python/t/SimpleBalancerOnlyTest.py", line 42, in testInit
    self.assertEquals(len(flows), 566)
AssertionError: 90 != 566

Stdout:
90
]]>		</failure>
	</testcase>
</testsuite>
