<?xml version="1.0" encoding="UTF-8"?>
<testsuite errors="1" failures="0" name="SimpleBalancerTest.TestStateChange-20151207152143" tests="2" time="6.937">
	<properties/>
	<system-out>
<![CDATA[]]>	</system-out>
	<system-err>
<![CDATA[]]>	</system-err>
	<testcase classname="SimpleBalancerTest.TestStateChange" name="test_initial_config" time="1.717"/>
	<testcase classname="SimpleBalancerTest.TestStateChange" name="test_prefix_split" time="5.220">
		<error message="global name 'sleep' is not defined" type="NameError">
<![CDATA[Traceback (most recent call last):
  File "/home/saikappa/workspace/SciPass/python/t/SimpleBalancerTest.py", line 575, in test_prefix_split
    sleep(3)
NameError: global name 'sleep' is not defined
]]>		</error>
	</testcase>
</testsuite>
