<?xml version="1.0" encoding="UTF-8"?>
<testsuite errors="2" failures="0" name="ConfigTest.TestPrefix-20150930185912" tests="2" time="0.010">
	<properties/>
	<system-out>
<![CDATA[]]>	</system-out>
	<system-err>
<![CDATA[]]>	</system-err>
	<testcase classname="ConfigTest.TestPrefix" name="test_initial_config" time="0.006">
		<error message="global name 'groups' is not defined" type="NameError">
<![CDATA[Traceback (most recent call last):
  File "/home/saikappa/workspace/SciPass/python/t/ConfigTest.py", line 24, in setUp
    self.api.switchJoined(self.datapath)
  File "./SciPass.py", line 547, in switchJoined
    domain_name = domain_name)
  File "./SciPass.py", line 697, in _setupSciDMZRules
    self.config[dpid][domain_name]['balancer'].pushToSwitch()
  File "./SimpleBalancer.py", line 114, in pushToSwitch
    self.distributePrefixes(self.prefix_list)
  File "./SimpleBalancer.py", line 214, in distributePrefixes
    self.addGroupPrefix( self.groups[group]['group_id'], prefix, 0)
  File "./SimpleBalancer.py", line 471, in addGroupPrefix
    self.logger.error(groups[group]['prefixes'])
NameError: global name 'groups' is not defined
]]>		</error>
	</testcase>
	<testcase classname="ConfigTest.TestPrefix" name="test_prefx_split" time="0.004">
		<error message="global name 'groups' is not defined" type="NameError">
<![CDATA[Traceback (most recent call last):
  File "/home/saikappa/workspace/SciPass/python/t/ConfigTest.py", line 24, in setUp
    self.api.switchJoined(self.datapath)
  File "./SciPass.py", line 547, in switchJoined
    domain_name = domain_name)
  File "./SciPass.py", line 697, in _setupSciDMZRules
    self.config[dpid][domain_name]['balancer'].pushToSwitch()
  File "./SimpleBalancer.py", line 114, in pushToSwitch
    self.distributePrefixes(self.prefix_list)
  File "./SimpleBalancer.py", line 214, in distributePrefixes
    self.addGroupPrefix( self.groups[group]['group_id'], prefix, 0)
  File "./SimpleBalancer.py", line 471, in addGroupPrefix
    self.logger.error(groups[group]['prefixes'])
NameError: global name 'groups' is not defined
]]>		</error>
	</testcase>
</testsuite>
