<?xml version="1.0" encoding="UTF-8"?>
<testsuite errors="1" failures="0" name="ConfigTest.TestPrefix-20150930181801" tests="2" time="0.054">
	<properties/>
	<system-out>
<![CDATA[]]>	</system-out>
	<system-err>
<![CDATA[]]>	</system-err>
	<testcase classname="ConfigTest.TestPrefix" name="test_initial_config" time="0.022"/>
	<testcase classname="ConfigTest.TestPrefix" name="test_prefx_split" time="0.032">
		<error message="global name 'sleep' is not defined" type="NameError">
<![CDATA[Traceback (most recent call last):
  File "/home/saikappa/workspace/SciPass/python/t/ConfigTest.py", line 53, in test_prefx_split
    sleep(2)
NameError: global name 'sleep' is not defined
]]>		</error>
	</testcase>
</testsuite>
