<?xml version="1.0" encoding="UTF-8"?>
<testsuite errors="1" failures="0" name="SimpleBalancerOnlyTest.SimpleBalancerInitTest-20151020174845" tests="1" time="0.289">
	<properties/>
	<system-out>
<![CDATA[]]>	</system-out>
	<system-err>
<![CDATA[]]>	</system-err>
	<testcase classname="SimpleBalancerOnlyTest.SimpleBalancerInitTest" name="testInit" time="0.289">
		<error message="maximum recursion depth exceeded while getting the str of an object" type="RuntimeError">
<![CDATA[Traceback (most recent call last):
  File "/home/saikappa/workspace/SciPass/python/t/SimpleBalancerOnlyTest.py", line 40, in testInit
    self.api.switchJoined(datapath)
  File "./SciPass.py", line 687, in switchJoined
    self._setupBalancer(dpid = dpid, domain_name = domain_name)
  File "./SciPass.py", line 895, in _setupBalancer
    self.config[dpid][domain_name]['balancer'].pushToSwitch()
  File "./SimpleBalancer.py", line 120, in pushToSwitch
    self.distributePrefixes(self.prefix_list)
  File "./SimpleBalancer.py", line 257, in distributePrefixes
    self.distributePrefixes( self.splitPrefix(prefix) )
  File "./SimpleBalancer.py", line 257, in distributePrefixes
    self.distributePrefixes( self.splitPrefix(prefix) )
  File "./SimpleBalancer.py", line 257, in distributePrefixes
    self.distributePrefixes( self.splitPrefix(prefix) )
  File "./SimpleBalancer.py", line 257, in distributePrefixes
    self.distributePrefixes( self.splitPrefix(prefix) )
  File "./SimpleBalancer.py", line 257, in distributePrefixes
    self.distributePrefixes( self.splitPrefix(prefix) )
  File "./SimpleBalancer.py", line 257, in distributePrefixes
    self.distributePrefixes( self.splitPrefix(prefix) )
  File "./SimpleBalancer.py", line 257, in distributePrefixes
    self.distributePrefixes( self.splitPrefix(prefix) )
  File "./SimpleBalancer.py", line 257, in distributePrefixes
    self.distributePrefixes( self.splitPrefix(prefix) )
  File "./SimpleBalancer.py", line 257, in distributePrefixes
    self.distributePrefixes( self.splitPrefix(prefix) )
  File "./SimpleBalancer.py", line 257, in distributePrefixes
    self.distributePrefixes( self.splitPrefix(prefix) )
  File "./SimpleBalancer.py", line 257, in distributePrefixes
    self.distributePrefixes( self.splitPrefix(prefix) )
  File "./SimpleBalancer.py", line 257, in distributePrefixes
    self.distributePrefixes( self.splitPrefix(prefix) )
  File "./SimpleBalancer.py", line 257, in distributePrefixes
    self.distributePrefixes( self.splitPrefix(prefix) )
  File "./SimpleBalancer.py", line 257, in distributePrefixes
    self.distributePrefixes( self.splitPrefix(prefix) )
  File "./SimpleBalancer.py", line 257, in distributePrefixes
    self.distributePrefixes( self.splitPrefix(prefix) )
  File "./SimpleBalancer.py", line 257, in distributePrefixes
    self.distributePrefixes( self.splitPrefix(prefix) )
  File "./SimpleBalancer.py", line 257, in distributePrefixes
    self.distributePrefixes( self.splitPrefix(prefix) )
  File "./SimpleBalancer.py", line 257, in distributePrefixes
    self.distributePrefixes( self.splitPrefix(prefix) )
  File "./SimpleBalancer.py", line 257, in distributePrefixes
    self.distributePrefixes( self.splitPrefix(prefix) )
  File "./SimpleBalancer.py", line 257, in distributePrefixes
    self.distributePrefixes( self.splitPrefix(prefix) )
  File "./SimpleBalancer.py", line 257, in distributePrefixes
    self.distributePrefixes( self.splitPrefix(prefix) )
  File "./SimpleBalancer.py", line 257, in distributePrefixes
    self.distributePrefixes( self.splitPrefix(prefix) )
  File "./SimpleBalancer.py", line 257, in distributePrefixes
    self.distributePrefixes( self.splitPrefix(prefix) )
  File "./SimpleBalancer.py", line 257, in distributePrefixes
    self.distributePrefixes( self.splitPrefix(prefix) )
  File "./SimpleBalancer.py", line 257, in distributePrefixes
    self.distributePrefixes( self.splitPrefix(prefix) )
  File "./SimpleBalancer.py", line 257, in distributePrefixes
    self.distributePrefixes( self.splitPrefix(prefix) )
  File "./SimpleBalancer.py", line 257, in distributePrefixes
    self.distributePrefixes( self.splitPrefix(prefix) )
  File "./SimpleBalancer.py", line 257, in distributePrefixes
    self.distributePrefixes( self.splitPrefix(prefix) )
  File "./SimpleBalancer.py", line 257, in distributePrefixes
    self.distributePrefixes( self.splitPrefix(prefix) )
  File "./SimpleBalancer.py", line 257, in distributePrefixes
    self.distributePrefixes( self.splitPrefix(prefix) )
  File "./SimpleBalancer.py", line 257, in distributePrefixes
    self.distributePrefixes( self.splitPrefix(prefix) )
  File "./SimpleBalancer.py", line 257, in distributePrefixes
    self.distributePrefixes( self.splitPrefix(prefix) )
  File "./SimpleBalancer.py", line 257, in distributePrefixes
    self.distributePrefixes( self.splitPrefix(prefix) )
  File "./SimpleBalancer.py", line 257, in distributePrefixes
    self.distributePrefixes( self.splitPrefix(prefix) )
  File "./SimpleBalancer.py", line 257, in distributePrefixes
    self.distributePrefixes( self.splitPrefix(prefix) )
  File "./SimpleBalancer.py", line 257, in distributePrefixes
    self.distributePrefixes( self.splitPrefix(prefix) )
  File "./SimpleBalancer.py", line 257, in distributePrefixes
    self.distributePrefixes( self.splitPrefix(prefix) )
  File "./SimpleBalancer.py", line 257, in distributePrefixes
    self.distributePrefixes( self.splitPrefix(prefix) )
  File "./SimpleBalancer.py", line 257, in distributePrefixes
    self.distributePrefixes( self.splitPrefix(prefix) )
  File "./SimpleBalancer.py", line 257, in distributePrefixes
    self.distributePrefixes( self.splitPrefix(prefix) )
  File "./SimpleBalancer.py", line 257, in distributePrefixes
    self.distributePrefixes( self.splitPrefix(prefix) )
  File "./SimpleBalancer.py", line 257, in distributePrefixes
    self.distributePrefixes( self.splitPrefix(prefix) )
  File "./SimpleBalancer.py", line 257, in distributePrefixes
    self.distributePrefixes( self.splitPrefix(prefix) )
  File "./SimpleBalancer.py", line 257, in distributePrefixes
    self.distributePrefixes( self.splitPrefix(prefix) )
  File "./SimpleBalancer.py", line 257, in distributePrefixes
    self.distributePrefixes( self.splitPrefix(prefix) )
  File "./SimpleBalancer.py", line 257, in distributePrefixes
    self.distributePrefixes( self.splitPrefix(prefix) )
  File "./SimpleBalancer.py", line 257, in distributePrefixes
    self.distributePrefixes( self.splitPrefix(prefix) )
  File "./SimpleBalancer.py", line 257, in distributePrefixes
    self.distributePrefixes( self.splitPrefix(prefix) )
  File "./SimpleBalancer.py", line 257, in distributePrefixes
    self.distributePrefixes( self.splitPrefix(prefix) )
  File "./SimpleBalancer.py", line 257, in distributePrefixes
    self.distributePrefixes( self.splitPrefix(prefix) )
  File "./SimpleBalancer.py", line 257, in distributePrefixes
    self.distributePrefixes( self.splitPrefix(prefix) )
  File "./SimpleBalancer.py", line 257, in distributePrefixes
    self.distributePrefixes( self.splitPrefix(prefix) )
  File "./SimpleBalancer.py", line 257, in distributePrefixes
    self.distributePrefixes( self.splitPrefix(prefix) )
  File "./SimpleBalancer.py", line 257, in distributePrefixes
    self.distributePrefixes( self.splitPrefix(prefix) )
  File "./SimpleBalancer.py", line 257, in distributePrefixes
    self.distributePrefixes( self.splitPrefix(prefix) )
  File "./SimpleBalancer.py", line 257, in distributePrefixes
    self.distributePrefixes( self.splitPrefix(prefix) )
  File "./SimpleBalancer.py", line 257, in distributePrefixes
    self.distributePrefixes( self.splitPrefix(prefix) )
  File "./SimpleBalancer.py", line 257, in distributePrefixes
    self.distributePrefixes( self.splitPrefix(prefix) )
  File "./SimpleBalancer.py", line 257, in distributePrefixes
    self.distributePrefixes( self.splitPrefix(prefix) )
  File "./SimpleBalancer.py", line 257, in distributePrefixes
    self.distributePrefixes( self.splitPrefix(prefix) )
  File "./SimpleBalancer.py", line 257, in distributePrefixes
    self.distributePrefixes( self.splitPrefix(prefix) )
  File "./SimpleBalancer.py", line 257, in distributePrefixes
    self.distributePrefixes( self.splitPrefix(prefix) )
  File "./SimpleBalancer.py", line 257, in distributePrefixes
    self.distributePrefixes( self.splitPrefix(prefix) )
  File "./SimpleBalancer.py", line 257, in distributePrefixes
    self.distributePrefixes( self.splitPrefix(prefix) )
  File "./SimpleBalancer.py", line 257, in distributePrefixes
    self.distributePrefixes( self.splitPrefix(prefix) )
  File "./SimpleBalancer.py", line 257, in distributePrefixes
    self.distributePrefixes( self.splitPrefix(prefix) )
  File "./SimpleBalancer.py", line 257, in distributePrefixes
    self.distributePrefixes( self.splitPrefix(prefix) )
  File "./SimpleBalancer.py", line 257, in distributePrefixes
    self.distributePrefixes( self.splitPrefix(prefix) )
  File "./SimpleBalancer.py", line 257, in distributePrefixes
    self.distributePrefixes( self.splitPrefix(prefix) )
  File "./SimpleBalancer.py", line 257, in distributePrefixes
    self.distributePrefixes( self.splitPrefix(prefix) )
  File "./SimpleBalancer.py", line 257, in distributePrefixes
    self.distributePrefixes( self.splitPrefix(prefix) )
  File "./SimpleBalancer.py", line 257, in distributePrefixes
    self.distributePrefixes( self.splitPrefix(prefix) )
  File "./SimpleBalancer.py", line 257, in distributePrefixes
    self.distributePrefixes( self.splitPrefix(prefix) )
  File "./SimpleBalancer.py", line 257, in distributePrefixes
    self.distributePrefixes( self.splitPrefix(prefix) )
  File "./SimpleBalancer.py", line 257, in distributePrefixes
    self.distributePrefixes( self.splitPrefix(prefix) )
  File "./SimpleBalancer.py", line 257, in distributePrefixes
    self.distributePrefixes( self.splitPrefix(prefix) )
  File "./SimpleBalancer.py", line 257, in distributePrefixes
    self.distributePrefixes( self.splitPrefix(prefix) )
  File "./SimpleBalancer.py", line 257, in distributePrefixes
    self.distributePrefixes( self.splitPrefix(prefix) )
  File "./SimpleBalancer.py", line 257, in distributePrefixes
    self.distributePrefixes( self.splitPrefix(prefix) )
  File "./SimpleBalancer.py", line 257, in distributePrefixes
    self.distributePrefixes( self.splitPrefix(prefix) )
  File "./SimpleBalancer.py", line 257, in distributePrefixes
    self.distributePrefixes( self.splitPrefix(prefix) )
  File "./SimpleBalancer.py", line 257, in distributePrefixes
    self.distributePrefixes( self.splitPrefix(prefix) )
  File "./SimpleBalancer.py", line 257, in distributePrefixes
    self.distributePrefixes( self.splitPrefix(prefix) )
  File "./SimpleBalancer.py", line 257, in distributePrefixes
    self.distributePrefixes( self.splitPrefix(prefix) )
  File "./SimpleBalancer.py", line 257, in distributePrefixes
    self.distributePrefixes( self.splitPrefix(prefix) )
  File "./SimpleBalancer.py", line 257, in distributePrefixes
    self.distributePrefixes( self.splitPrefix(prefix) )
  File "./SimpleBalancer.py", line 257, in distributePrefixes
    self.distributePrefixes( self.splitPrefix(prefix) )
  File "./SimpleBalancer.py", line 257, in distributePrefixes
    self.distributePrefixes( self.splitPrefix(prefix) )
  File "./SimpleBalancer.py", line 257, in distributePrefixes
    self.distributePrefixes( self.splitPrefix(prefix) )
  File "./SimpleBalancer.py", line 257, in distributePrefixes
    self.distributePrefixes( self.splitPrefix(prefix) )
  File "./SimpleBalancer.py", line 257, in distributePrefixes
    self.distributePrefixes( self.splitPrefix(prefix) )
  File "./SimpleBalancer.py", line 257, in distributePrefixes
    self.distributePrefixes( self.splitPrefix(prefix) )
  File "./SimpleBalancer.py", line 257, in distributePrefixes
    self.distributePrefixes( self.splitPrefix(prefix) )
  File "./SimpleBalancer.py", line 257, in distributePrefixes
    self.distributePrefixes( self.splitPrefix(prefix) )
  File "./SimpleBalancer.py", line 257, in distributePrefixes
    self.distributePrefixes( self.splitPrefix(prefix) )
  File "./SimpleBalancer.py", line 257, in distributePrefixes
    self.distributePrefixes( self.splitPrefix(prefix) )
  File "./SimpleBalancer.py", line 257, in distributePrefixes
    self.distributePrefixes( self.splitPrefix(prefix) )
  File "./SimpleBalancer.py", line 257, in distributePrefixes
    self.distributePrefixes( self.splitPrefix(prefix) )
  File "./SimpleBalancer.py", line 257, in distributePrefixes
    self.distributePrefixes( self.splitPrefix(prefix) )
  File "./SimpleBalancer.py", line 257, in distributePrefixes
    self.distributePrefixes( self.splitPrefix(prefix) )
  File "./SimpleBalancer.py", line 257, in distributePrefixes
    self.distributePrefixes( self.splitPrefix(prefix) )
  File "./SimpleBalancer.py", line 257, in distributePrefixes
    self.distributePrefixes( self.splitPrefix(prefix) )
  File "./SimpleBalancer.py", line 257, in distributePrefixes
    self.distributePrefixes( self.splitPrefix(prefix) )
  File "./SimpleBalancer.py", line 257, in distributePrefixes
    self.distributePrefixes( self.splitPrefix(prefix) )
  File "./SimpleBalancer.py", line 257, in distributePrefixes
    self.distributePrefixes( self.splitPrefix(prefix) )
  File "./SimpleBalancer.py", line 257, in distributePrefixes
    self.distributePrefixes( self.splitPrefix(prefix) )
  File "./SimpleBalancer.py", line 257, in distributePrefixes
    self.distributePrefixes( self.splitPrefix(prefix) )
  File "./SimpleBalancer.py", line 257, in distributePrefixes
    self.distributePrefixes( self.splitPrefix(prefix) )
  File "./SimpleBalancer.py", line 257, in distributePrefixes
    self.distributePrefixes( self.splitPrefix(prefix) )
  File "./SimpleBalancer.py", line 257, in distributePrefixes
    self.distributePrefixes( self.splitPrefix(prefix) )
  File "./SimpleBalancer.py", line 257, in distributePrefixes
    self.distributePrefixes( self.splitPrefix(prefix) )
  File "./SimpleBalancer.py", line 257, in distributePrefixes
    self.distributePrefixes( self.splitPrefix(prefix) )
  File "./SimpleBalancer.py", line 257, in distributePrefixes
    self.distributePrefixes( self.splitPrefix(prefix) )
  File "./SimpleBalancer.py", line 257, in distributePrefixes
    self.distributePrefixes( self.splitPrefix(prefix) )
  File "./SimpleBalancer.py", line 257, in distributePrefixes
    self.distributePrefixes( self.splitPrefix(prefix) )
  File "./SimpleBalancer.py", line 257, in distributePrefixes
    self.distributePrefixes( self.splitPrefix(prefix) )
  File "./SimpleBalancer.py", line 257, in distributePrefixes
    self.distributePrefixes( self.splitPrefix(prefix) )
  File "./SimpleBalancer.py", line 257, in distributePrefixes
    self.distributePrefixes( self.splitPrefix(prefix) )
  File "./SimpleBalancer.py", line 257, in distributePrefixes
    self.distributePrefixes( self.splitPrefix(prefix) )
  File "./SimpleBalancer.py", line 257, in distributePrefixes
    self.distributePrefixes( self.splitPrefix(prefix) )
  File "./SimpleBalancer.py", line 257, in distributePrefixes
    self.distributePrefixes( self.splitPrefix(prefix) )
  File "./SimpleBalancer.py", line 257, in distributePrefixes
    self.distributePrefixes( self.splitPrefix(prefix) )
  File "./SimpleBalancer.py", line 257, in distributePrefixes
    self.distributePrefixes( self.splitPrefix(prefix) )
  File "./SimpleBalancer.py", line 257, in distributePrefixes
    self.distributePrefixes( self.splitPrefix(prefix) )
  File "./SimpleBalancer.py", line 257, in distributePrefixes
    self.distributePrefixes( self.splitPrefix(prefix) )
  File "./SimpleBalancer.py", line 257, in distributePrefixes
    self.distributePrefixes( self.splitPrefix(prefix) )
  File "./SimpleBalancer.py", line 257, in distributePrefixes
    self.distributePrefixes( self.splitPrefix(prefix) )
  File "./SimpleBalancer.py", line 257, in distributePrefixes
    self.distributePrefixes( self.splitPrefix(prefix) )
  File "./SimpleBalancer.py", line 257, in distributePrefixes
    self.distributePrefixes( self.splitPrefix(prefix) )
  File "./SimpleBalancer.py", line 257, in distributePrefixes
    self.distributePrefixes( self.splitPrefix(prefix) )
  File "./SimpleBalancer.py", line 257, in distributePrefixes
    self.distributePrefixes( self.splitPrefix(prefix) )
  File "./SimpleBalancer.py", line 257, in distributePrefixes
    self.distributePrefixes( self.splitPrefix(prefix) )
  File "./SimpleBalancer.py", line 257, in distributePrefixes
    self.distributePrefixes( self.splitPrefix(prefix) )
  File "./SimpleBalancer.py", line 257, in distributePrefixes
    self.distributePrefixes( self.splitPrefix(prefix) )
  File "./SimpleBalancer.py", line 257, in distributePrefixes
    self.distributePrefixes( self.splitPrefix(prefix) )
  File "./SimpleBalancer.py", line 257, in distributePrefixes
    self.distributePrefixes( self.splitPrefix(prefix) )
  File "./SimpleBalancer.py", line 257, in distributePrefixes
    self.distributePrefixes( self.splitPrefix(prefix) )
  File "./SimpleBalancer.py", line 257, in distributePrefixes
    self.distributePrefixes( self.splitPrefix(prefix) )
  File "./SimpleBalancer.py", line 257, in distributePrefixes
    self.distributePrefixes( self.splitPrefix(prefix) )
  File "./SimpleBalancer.py", line 257, in distributePrefixes
    self.distributePrefixes( self.splitPrefix(prefix) )
  File "./SimpleBalancer.py", line 257, in distributePrefixes
    self.distributePrefixes( self.splitPrefix(prefix) )
  File "./SimpleBalancer.py", line 257, in distributePrefixes
    self.distributePrefixes( self.splitPrefix(prefix) )
  File "./SimpleBalancer.py", line 257, in distributePrefixes
    self.distributePrefixes( self.splitPrefix(prefix) )
  File "./SimpleBalancer.py", line 257, in distributePrefixes
    self.distributePrefixes( self.splitPrefix(prefix) )
  File "./SimpleBalancer.py", line 257, in distributePrefixes
    self.distributePrefixes( self.splitPrefix(prefix) )
  File "./SimpleBalancer.py", line 257, in distributePrefixes
    self.distributePrefixes( self.splitPrefix(prefix) )
  File "./SimpleBalancer.py", line 257, in distributePrefixes
    self.distributePrefixes( self.splitPrefix(prefix) )
  File "./SimpleBalancer.py", line 257, in distributePrefixes
    self.distributePrefixes( self.splitPrefix(prefix) )
  File "./SimpleBalancer.py", line 257, in distributePrefixes
    self.distributePrefixes( self.splitPrefix(prefix) )
  File "./SimpleBalancer.py", line 257, in distributePrefixes
    self.distributePrefixes( self.splitPrefix(prefix) )
  File "./SimpleBalancer.py", line 257, in distributePrefixes
    self.distributePrefixes( self.splitPrefix(prefix) )
  File "./SimpleBalancer.py", line 257, in distributePrefixes
    self.distributePrefixes( self.splitPrefix(prefix) )
  File "./SimpleBalancer.py", line 257, in distributePrefixes
    self.distributePrefixes( self.splitPrefix(prefix) )
  File "./SimpleBalancer.py", line 257, in distributePrefixes
    self.distributePrefixes( self.splitPrefix(prefix) )
  File "./SimpleBalancer.py", line 257, in distributePrefixes
    self.distributePrefixes( self.splitPrefix(prefix) )
  File "./SimpleBalancer.py", line 257, in distributePrefixes
    self.distributePrefixes( self.splitPrefix(prefix) )
  File "./SimpleBalancer.py", line 257, in distributePrefixes
    self.distributePrefixes( self.splitPrefix(prefix) )
  File "./SimpleBalancer.py", line 257, in distributePrefixes
    self.distributePrefixes( self.splitPrefix(prefix) )
  File "./SimpleBalancer.py", line 257, in distributePrefixes
    self.distributePrefixes( self.splitPrefix(prefix) )
  File "./SimpleBalancer.py", line 257, in distributePrefixes
    self.distributePrefixes( self.splitPrefix(prefix) )
  File "./SimpleBalancer.py", line 257, in distributePrefixes
    self.distributePrefixes( self.splitPrefix(prefix) )
  File "./SimpleBalancer.py", line 257, in distributePrefixes
    self.distributePrefixes( self.splitPrefix(prefix) )
  File "./SimpleBalancer.py", line 257, in distributePrefixes
    self.distributePrefixes( self.splitPrefix(prefix) )
  File "./SimpleBalancer.py", line 257, in distributePrefixes
    self.distributePrefixes( self.splitPrefix(prefix) )
  File "./SimpleBalancer.py", line 257, in distributePrefixes
    self.distributePrefixes( self.splitPrefix(prefix) )
  File "./SimpleBalancer.py", line 257, in distributePrefixes
    self.distributePrefixes( self.splitPrefix(prefix) )
  File "./SimpleBalancer.py", line 257, in distributePrefixes
    self.distributePrefixes( self.splitPrefix(prefix) )
  File "./SimpleBalancer.py", line 257, in distributePrefixes
    self.distributePrefixes( self.splitPrefix(prefix) )
  File "./SimpleBalancer.py", line 257, in distributePrefixes
    self.distributePrefixes( self.splitPrefix(prefix) )
  File "./SimpleBalancer.py", line 257, in distributePrefixes
    self.distributePrefixes( self.splitPrefix(prefix) )
  File "./SimpleBalancer.py", line 257, in distributePrefixes
    self.distributePrefixes( self.splitPrefix(prefix) )
  File "./SimpleBalancer.py", line 257, in distributePrefixes
    self.distributePrefixes( self.splitPrefix(prefix) )
  File "./SimpleBalancer.py", line 257, in distributePrefixes
    self.distributePrefixes( self.splitPrefix(prefix) )
  File "./SimpleBalancer.py", line 257, in distributePrefixes
    self.distributePrefixes( self.splitPrefix(prefix) )
  File "./SimpleBalancer.py", line 257, in distributePrefixes
    self.distributePrefixes( self.splitPrefix(prefix) )
  File "./SimpleBalancer.py", line 257, in distributePrefixes
    self.distributePrefixes( self.splitPrefix(prefix) )
  File "./SimpleBalancer.py", line 257, in distributePrefixes
    self.distributePrefixes( self.splitPrefix(prefix) )
  File "./SimpleBalancer.py", line 257, in distributePrefixes
    self.distributePrefixes( self.splitPrefix(prefix) )
  File "./SimpleBalancer.py", line 257, in distributePrefixes
    self.distributePrefixes( self.splitPrefix(prefix) )
  File "./SimpleBalancer.py", line 257, in distributePrefixes
    self.distributePrefixes( self.splitPrefix(prefix) )
  File "./SimpleBalancer.py", line 257, in distributePrefixes
    self.distributePrefixes( self.splitPrefix(prefix) )
  File "./SimpleBalancer.py", line 257, in distributePrefixes
    self.distributePrefixes( self.splitPrefix(prefix) )
  File "./SimpleBalancer.py", line 257, in distributePrefixes
    self.distributePrefixes( self.splitPrefix(prefix) )
  File "./SimpleBalancer.py", line 257, in distributePrefixes
    self.distributePrefixes( self.splitPrefix(prefix) )
  File "./SimpleBalancer.py", line 257, in distributePrefixes
    self.distributePrefixes( self.splitPrefix(prefix) )
  File "./SimpleBalancer.py", line 257, in distributePrefixes
    self.distributePrefixes( self.splitPrefix(prefix) )
  File "./SimpleBalancer.py", line 257, in distributePrefixes
    self.distributePrefixes( self.splitPrefix(prefix) )
  File "./SimpleBalancer.py", line 257, in distributePrefixes
    self.distributePrefixes( self.splitPrefix(prefix) )
  File "./SimpleBalancer.py", line 257, in distributePrefixes
    self.distributePrefixes( self.splitPrefix(prefix) )
  File "./SimpleBalancer.py", line 257, in distributePrefixes
    self.distributePrefixes( self.splitPrefix(prefix) )
  File "./SimpleBalancer.py", line 257, in distributePrefixes
    self.distributePrefixes( self.splitPrefix(prefix) )
  File "./SimpleBalancer.py", line 257, in distributePrefixes
    self.distributePrefixes( self.splitPrefix(prefix) )
  File "./SimpleBalancer.py", line 257, in distributePrefixes
    self.distributePrefixes( self.splitPrefix(prefix) )
  File "./SimpleBalancer.py", line 257, in distributePrefixes
    self.distributePrefixes( self.splitPrefix(prefix) )
  File "./SimpleBalancer.py", line 257, in distributePrefixes
    self.distributePrefixes( self.splitPrefix(prefix) )
  File "./SimpleBalancer.py", line 257, in distributePrefixes
    self.distributePrefixes( self.splitPrefix(prefix) )
  File "./SimpleBalancer.py", line 257, in distributePrefixes
    self.distributePrefixes( self.splitPrefix(prefix) )
  File "./SimpleBalancer.py", line 257, in distributePrefixes
    self.distributePrefixes( self.splitPrefix(prefix) )
  File "./SimpleBalancer.py", line 257, in distributePrefixes
    self.distributePrefixes( self.splitPrefix(prefix) )
  File "./SimpleBalancer.py", line 257, in distributePrefixes
    self.distributePrefixes( self.splitPrefix(prefix) )
  File "./SimpleBalancer.py", line 257, in distributePrefixes
    self.distributePrefixes( self.splitPrefix(prefix) )
  File "./SimpleBalancer.py", line 257, in distributePrefixes
    self.distributePrefixes( self.splitPrefix(prefix) )
  File "./SimpleBalancer.py", line 257, in distributePrefixes
    self.distributePrefixes( self.splitPrefix(prefix) )
  File "./SimpleBalancer.py", line 257, in distributePrefixes
    self.distributePrefixes( self.splitPrefix(prefix) )
  File "./SimpleBalancer.py", line 257, in distributePrefixes
    self.distributePrefixes( self.splitPrefix(prefix) )
  File "./SimpleBalancer.py", line 257, in distributePrefixes
    self.distributePrefixes( self.splitPrefix(prefix) )
  File "./SimpleBalancer.py", line 257, in distributePrefixes
    self.distributePrefixes( self.splitPrefix(prefix) )
  File "./SimpleBalancer.py", line 257, in distributePrefixes
    self.distributePrefixes( self.splitPrefix(prefix) )
  File "./SimpleBalancer.py", line 257, in distributePrefixes
    self.distributePrefixes( self.splitPrefix(prefix) )
  File "./SimpleBalancer.py", line 257, in distributePrefixes
    self.distributePrefixes( self.splitPrefix(prefix) )
  File "./SimpleBalancer.py", line 257, in distributePrefixes
    self.distributePrefixes( self.splitPrefix(prefix) )
  File "./SimpleBalancer.py", line 257, in distributePrefixes
    self.distributePrefixes( self.splitPrefix(prefix) )
  File "./SimpleBalancer.py", line 257, in distributePrefixes
    self.distributePrefixes( self.splitPrefix(prefix) )
  File "./SimpleBalancer.py", line 257, in distributePrefixes
    self.distributePrefixes( self.splitPrefix(prefix) )
  File "./SimpleBalancer.py", line 257, in distributePrefixes
    self.distributePrefixes( self.splitPrefix(prefix) )
  File "./SimpleBalancer.py", line 257, in distributePrefixes
    self.distributePrefixes( self.splitPrefix(prefix) )
  File "./SimpleBalancer.py", line 257, in distributePrefixes
    self.distributePrefixes( self.splitPrefix(prefix) )
  File "./SimpleBalancer.py", line 257, in distributePrefixes
    self.distributePrefixes( self.splitPrefix(prefix) )
  File "./SimpleBalancer.py", line 257, in distributePrefixes
    self.distributePrefixes( self.splitPrefix(prefix) )
  File "./SimpleBalancer.py", line 257, in distributePrefixes
    self.distributePrefixes( self.splitPrefix(prefix) )
  File "./SimpleBalancer.py", line 257, in distributePrefixes
    self.distributePrefixes( self.splitPrefix(prefix) )
  File "./SimpleBalancer.py", line 257, in distributePrefixes
    self.distributePrefixes( self.splitPrefix(prefix) )
  File "./SimpleBalancer.py", line 257, in distributePrefixes
    self.distributePrefixes( self.splitPrefix(prefix) )
  File "./SimpleBalancer.py", line 257, in distributePrefixes
    self.distributePrefixes( self.splitPrefix(prefix) )
  File "./SimpleBalancer.py", line 257, in distributePrefixes
    self.distributePrefixes( self.splitPrefix(prefix) )
  File "./SimpleBalancer.py", line 257, in distributePrefixes
    self.distributePrefixes( self.splitPrefix(prefix) )
  File "./SimpleBalancer.py", line 257, in distributePrefixes
    self.distributePrefixes( self.splitPrefix(prefix) )
  File "./SimpleBalancer.py", line 257, in distributePrefixes
    self.distributePrefixes( self.splitPrefix(prefix) )
  File "./SimpleBalancer.py", line 257, in distributePrefixes
    self.distributePrefixes( self.splitPrefix(prefix) )
  File "./SimpleBalancer.py", line 257, in distributePrefixes
    self.distributePrefixes( self.splitPrefix(prefix) )
  File "./SimpleBalancer.py", line 257, in distributePrefixes
    self.distributePrefixes( self.splitPrefix(prefix) )
  File "./SimpleBalancer.py", line 257, in distributePrefixes
    self.distributePrefixes( self.splitPrefix(prefix) )
  File "./SimpleBalancer.py", line 257, in distributePrefixes
    self.distributePrefixes( self.splitPrefix(prefix) )
  File "./SimpleBalancer.py", line 257, in distributePrefixes
    self.distributePrefixes( self.splitPrefix(prefix) )
  File "./SimpleBalancer.py", line 257, in distributePrefixes
    self.distributePrefixes( self.splitPrefix(prefix) )
  File "./SimpleBalancer.py", line 257, in distributePrefixes
    self.distributePrefixes( self.splitPrefix(prefix) )
  File "./SimpleBalancer.py", line 257, in distributePrefixes
    self.distributePrefixes( self.splitPrefix(prefix) )
  File "./SimpleBalancer.py", line 257, in distributePrefixes
    self.distributePrefixes( self.splitPrefix(prefix) )
  File "./SimpleBalancer.py", line 257, in distributePrefixes
    self.distributePrefixes( self.splitPrefix(prefix) )
  File "./SimpleBalancer.py", line 257, in distributePrefixes
    self.distributePrefixes( self.splitPrefix(prefix) )
  File "./SimpleBalancer.py", line 257, in distributePrefixes
    self.distributePrefixes( self.splitPrefix(prefix) )
  File "./SimpleBalancer.py", line 257, in distributePrefixes
    self.distributePrefixes( self.splitPrefix(prefix) )
  File "./SimpleBalancer.py", line 257, in distributePrefixes
    self.distributePrefixes( self.splitPrefix(prefix) )
  File "./SimpleBalancer.py", line 257, in distributePrefixes
    self.distributePrefixes( self.splitPrefix(prefix) )
  File "./SimpleBalancer.py", line 257, in distributePrefixes
    self.distributePrefixes( self.splitPrefix(prefix) )
  File "./SimpleBalancer.py", line 257, in distributePrefixes
    self.distributePrefixes( self.splitPrefix(prefix) )
  File "./SimpleBalancer.py", line 257, in distributePrefixes
    self.distributePrefixes( self.splitPrefix(prefix) )
  File "./SimpleBalancer.py", line 257, in distributePrefixes
    self.distributePrefixes( self.splitPrefix(prefix) )
  File "./SimpleBalancer.py", line 257, in distributePrefixes
    self.distributePrefixes( self.splitPrefix(prefix) )
  File "./SimpleBalancer.py", line 257, in distributePrefixes
    self.distributePrefixes( self.splitPrefix(prefix) )
  File "./SimpleBalancer.py", line 257, in distributePrefixes
    self.distributePrefixes( self.splitPrefix(prefix) )
  File "./SimpleBalancer.py", line 257, in distributePrefixes
    self.distributePrefixes( self.splitPrefix(prefix) )
  File "./SimpleBalancer.py", line 257, in distributePrefixes
    self.distributePrefixes( self.splitPrefix(prefix) )
  File "./SimpleBalancer.py", line 257, in distributePrefixes
    self.distributePrefixes( self.splitPrefix(prefix) )
  File "./SimpleBalancer.py", line 257, in distributePrefixes
    self.distributePrefixes( self.splitPrefix(prefix) )
  File "./SimpleBalancer.py", line 257, in distributePrefixes
    self.distributePrefixes( self.splitPrefix(prefix) )
  File "./SimpleBalancer.py", line 257, in distributePrefixes
    self.distributePrefixes( self.splitPrefix(prefix) )
  File "./SimpleBalancer.py", line 257, in distributePrefixes
    self.distributePrefixes( self.splitPrefix(prefix) )
  File "./SimpleBalancer.py", line 257, in distributePrefixes
    self.distributePrefixes( self.splitPrefix(prefix) )
  File "./SimpleBalancer.py", line 257, in distributePrefixes
    self.distributePrefixes( self.splitPrefix(prefix) )
  File "./SimpleBalancer.py", line 257, in distributePrefixes
    self.distributePrefixes( self.splitPrefix(prefix) )
  File "./SimpleBalancer.py", line 257, in distributePrefixes
    self.distributePrefixes( self.splitPrefix(prefix) )
  File "./SimpleBalancer.py", line 257, in distributePrefixes
    self.distributePrefixes( self.splitPrefix(prefix) )
  File "./SimpleBalancer.py", line 257, in distributePrefixes
    self.distributePrefixes( self.splitPrefix(prefix) )
  File "./SimpleBalancer.py", line 257, in distributePrefixes
    self.distributePrefixes( self.splitPrefix(prefix) )
  File "./SimpleBalancer.py", line 257, in distributePrefixes
    self.distributePrefixes( self.splitPrefix(prefix) )
  File "./SimpleBalancer.py", line 257, in distributePrefixes
    self.distributePrefixes( self.splitPrefix(prefix) )
  File "./SimpleBalancer.py", line 257, in distributePrefixes
    self.distributePrefixes( self.splitPrefix(prefix) )
  File "./SimpleBalancer.py", line 257, in distributePrefixes
    self.distributePrefixes( self.splitPrefix(prefix) )
  File "./SimpleBalancer.py", line 257, in distributePrefixes
    self.distributePrefixes( self.splitPrefix(prefix) )
  File "./SimpleBalancer.py", line 257, in distributePrefixes
    self.distributePrefixes( self.splitPrefix(prefix) )
  File "./SimpleBalancer.py", line 257, in distributePrefixes
    self.distributePrefixes( self.splitPrefix(prefix) )
  File "./SimpleBalancer.py", line 257, in distributePrefixes
    self.distributePrefixes( self.splitPrefix(prefix) )
  File "./SimpleBalancer.py", line 257, in distributePrefixes
    self.distributePrefixes( self.splitPrefix(prefix) )
  File "./SimpleBalancer.py", line 257, in distributePrefixes
    self.distributePrefixes( self.splitPrefix(prefix) )
  File "./SimpleBalancer.py", line 257, in distributePrefixes
    self.distributePrefixes( self.splitPrefix(prefix) )
  File "./SimpleBalancer.py", line 257, in distributePrefixes
    self.distributePrefixes( self.splitPrefix(prefix) )
  File "./SimpleBalancer.py", line 257, in distributePrefixes
    self.distributePrefixes( self.splitPrefix(prefix) )
  File "./SimpleBalancer.py", line 257, in distributePrefixes
    self.distributePrefixes( self.splitPrefix(prefix) )
  File "./SimpleBalancer.py", line 257, in distributePrefixes
    self.distributePrefixes( self.splitPrefix(prefix) )
  File "./SimpleBalancer.py", line 257, in distributePrefixes
    self.distributePrefixes( self.splitPrefix(prefix) )
  File "./SimpleBalancer.py", line 257, in distributePrefixes
    self.distributePrefixes( self.splitPrefix(prefix) )
  File "./SimpleBalancer.py", line 257, in distributePrefixes
    self.distributePrefixes( self.splitPrefix(prefix) )
  File "./SimpleBalancer.py", line 257, in distributePrefixes
    self.distributePrefixes( self.splitPrefix(prefix) )
  File "./SimpleBalancer.py", line 257, in distributePrefixes
    self.distributePrefixes( self.splitPrefix(prefix) )
  File "./SimpleBalancer.py", line 257, in distributePrefixes
    self.distributePrefixes( self.splitPrefix(prefix) )
  File "./SimpleBalancer.py", line 257, in distributePrefixes
    self.distributePrefixes( self.splitPrefix(prefix) )
  File "./SimpleBalancer.py", line 257, in distributePrefixes
    self.distributePrefixes( self.splitPrefix(prefix) )
  File "./SimpleBalancer.py", line 257, in distributePrefixes
    self.distributePrefixes( self.splitPrefix(prefix) )
  File "./SimpleBalancer.py", line 257, in distributePrefixes
    self.distributePrefixes( self.splitPrefix(prefix) )
  File "./SimpleBalancer.py", line 257, in distributePrefixes
    self.distributePrefixes( self.splitPrefix(prefix) )
  File "./SimpleBalancer.py", line 257, in distributePrefixes
    self.distributePrefixes( self.splitPrefix(prefix) )
  File "./SimpleBalancer.py", line 257, in distributePrefixes
    self.distributePrefixes( self.splitPrefix(prefix) )
  File "./SimpleBalancer.py", line 257, in distributePrefixes
    self.distributePrefixes( self.splitPrefix(prefix) )
  File "./SimpleBalancer.py", line 257, in distributePrefixes
    self.distributePrefixes( self.splitPrefix(prefix) )
  File "./SimpleBalancer.py", line 257, in distributePrefixes
    self.distributePrefixes( self.splitPrefix(prefix) )
  File "./SimpleBalancer.py", line 257, in distributePrefixes
    self.distributePrefixes( self.splitPrefix(prefix) )
  File "./SimpleBalancer.py", line 257, in distributePrefixes
    self.distributePrefixes( self.splitPrefix(prefix) )
  File "./SimpleBalancer.py", line 257, in distributePrefixes
    self.distributePrefixes( self.splitPrefix(prefix) )
  File "./SimpleBalancer.py", line 257, in distributePrefixes
    self.distributePrefixes( self.splitPrefix(prefix) )
  File "./SimpleBalancer.py", line 257, in distributePrefixes
    self.distributePrefixes( self.splitPrefix(prefix) )
  File "./SimpleBalancer.py", line 257, in distributePrefixes
    self.distributePrefixes( self.splitPrefix(prefix) )
  File "./SimpleBalancer.py", line 257, in distributePrefixes
    self.distributePrefixes( self.splitPrefix(prefix) )
  File "./SimpleBalancer.py", line 257, in distributePrefixes
    self.distributePrefixes( self.splitPrefix(prefix) )
  File "./SimpleBalancer.py", line 257, in distributePrefixes
    self.distributePrefixes( self.splitPrefix(prefix) )
  File "./SimpleBalancer.py", line 257, in distributePrefixes
    self.distributePrefixes( self.splitPrefix(prefix) )
  File "./SimpleBalancer.py", line 257, in distributePrefixes
    self.distributePrefixes( self.splitPrefix(prefix) )
  File "./SimpleBalancer.py", line 257, in distributePrefixes
    self.distributePrefixes( self.splitPrefix(prefix) )
  File "./SimpleBalancer.py", line 257, in distributePrefixes
    self.distributePrefixes( self.splitPrefix(prefix) )
  File "./SimpleBalancer.py", line 257, in distributePrefixes
    self.distributePrefixes( self.splitPrefix(prefix) )
  File "./SimpleBalancer.py", line 257, in distributePrefixes
    self.distributePrefixes( self.splitPrefix(prefix) )
  File "./SimpleBalancer.py", line 257, in distributePrefixes
    self.distributePrefixes( self.splitPrefix(prefix) )
  File "./SimpleBalancer.py", line 257, in distributePrefixes
    self.distributePrefixes( self.splitPrefix(prefix) )
  File "./SimpleBalancer.py", line 257, in distributePrefixes
    self.distributePrefixes( self.splitPrefix(prefix) )
  File "./SimpleBalancer.py", line 257, in distributePrefixes
    self.distributePrefixes( self.splitPrefix(prefix) )
  File "./SimpleBalancer.py", line 257, in distributePrefixes
    self.distributePrefixes( self.splitPrefix(prefix) )
  File "./SimpleBalancer.py", line 257, in distributePrefixes
    self.distributePrefixes( self.splitPrefix(prefix) )
  File "./SimpleBalancer.py", line 257, in distributePrefixes
    self.distributePrefixes( self.splitPrefix(prefix) )
  File "./SimpleBalancer.py", line 257, in distributePrefixes
    self.distributePrefixes( self.splitPrefix(prefix) )
  File "./SimpleBalancer.py", line 257, in distributePrefixes
    self.distributePrefixes( self.splitPrefix(prefix) )
  File "./SimpleBalancer.py", line 257, in distributePrefixes
    self.distributePrefixes( self.splitPrefix(prefix) )
  File "./SimpleBalancer.py", line 257, in distributePrefixes
    self.distributePrefixes( self.splitPrefix(prefix) )
  File "./SimpleBalancer.py", line 257, in distributePrefixes
    self.distributePrefixes( self.splitPrefix(prefix) )
  File "./SimpleBalancer.py", line 257, in distributePrefixes
    self.distributePrefixes( self.splitPrefix(prefix) )
  File "./SimpleBalancer.py", line 257, in distributePrefixes
    self.distributePrefixes( self.splitPrefix(prefix) )
  File "./SimpleBalancer.py", line 257, in distributePrefixes
    self.distributePrefixes( self.splitPrefix(prefix) )
  File "./SimpleBalancer.py", line 257, in distributePrefixes
    self.distributePrefixes( self.splitPrefix(prefix) )
  File "./SimpleBalancer.py", line 257, in distributePrefixes
    self.distributePrefixes( self.splitPrefix(prefix) )
  File "./SimpleBalancer.py", line 257, in distributePrefixes
    self.distributePrefixes( self.splitPrefix(prefix) )
  File "./SimpleBalancer.py", line 257, in distributePrefixes
    self.distributePrefixes( self.splitPrefix(prefix) )
  File "./SimpleBalancer.py", line 257, in distributePrefixes
    self.distributePrefixes( self.splitPrefix(prefix) )
  File "./SimpleBalancer.py", line 257, in distributePrefixes
    self.distributePrefixes( self.splitPrefix(prefix) )
  File "./SimpleBalancer.py", line 257, in distributePrefixes
    self.distributePrefixes( self.splitPrefix(prefix) )
  File "./SimpleBalancer.py", line 257, in distributePrefixes
    self.distributePrefixes( self.splitPrefix(prefix) )
  File "./SimpleBalancer.py", line 257, in distributePrefixes
    self.distributePrefixes( self.splitPrefix(prefix) )
  File "./SimpleBalancer.py", line 257, in distributePrefixes
    self.distributePrefixes( self.splitPrefix(prefix) )
  File "./SimpleBalancer.py", line 257, in distributePrefixes
    self.distributePrefixes( self.splitPrefix(prefix) )
  File "./SimpleBalancer.py", line 257, in distributePrefixes
    self.distributePrefixes( self.splitPrefix(prefix) )
  File "./SimpleBalancer.py", line 257, in distributePrefixes
    self.distributePrefixes( self.splitPrefix(prefix) )
  File "./SimpleBalancer.py", line 257, in distributePrefixes
    self.distributePrefixes( self.splitPrefix(prefix) )
  File "./SimpleBalancer.py", line 257, in distributePrefixes
    self.distributePrefixes( self.splitPrefix(prefix) )
  File "./SimpleBalancer.py", line 257, in distributePrefixes
    self.distributePrefixes( self.splitPrefix(prefix) )
  File "./SimpleBalancer.py", line 257, in distributePrefixes
    self.distributePrefixes( self.splitPrefix(prefix) )
  File "./SimpleBalancer.py", line 257, in distributePrefixes
    self.distributePrefixes( self.splitPrefix(prefix) )
  File "./SimpleBalancer.py", line 257, in distributePrefixes
    self.distributePrefixes( self.splitPrefix(prefix) )
  File "./SimpleBalancer.py", line 257, in distributePrefixes
    self.distributePrefixes( self.splitPrefix(prefix) )
  File "./SimpleBalancer.py", line 257, in distributePrefixes
    self.distributePrefixes( self.splitPrefix(prefix) )
  File "./SimpleBalancer.py", line 257, in distributePrefixes
    self.distributePrefixes( self.splitPrefix(prefix) )
  File "./SimpleBalancer.py", line 257, in distributePrefixes
    self.distributePrefixes( self.splitPrefix(prefix) )
  File "./SimpleBalancer.py", line 257, in distributePrefixes
    self.distributePrefixes( self.splitPrefix(prefix) )
  File "./SimpleBalancer.py", line 257, in distributePrefixes
    self.distributePrefixes( self.splitPrefix(prefix) )
  File "./SimpleBalancer.py", line 257, in distributePrefixes
    self.distributePrefixes( self.splitPrefix(prefix) )
  File "./SimpleBalancer.py", line 257, in distributePrefixes
    self.distributePrefixes( self.splitPrefix(prefix) )
  File "./SimpleBalancer.py", line 257, in distributePrefixes
    self.distributePrefixes( self.splitPrefix(prefix) )
  File "./SimpleBalancer.py", line 257, in distributePrefixes
    self.distributePrefixes( self.splitPrefix(prefix) )
  File "./SimpleBalancer.py", line 257, in distributePrefixes
    self.distributePrefixes( self.splitPrefix(prefix) )
  File "./SimpleBalancer.py", line 257, in distributePrefixes
    self.distributePrefixes( self.splitPrefix(prefix) )
  File "./SimpleBalancer.py", line 257, in distributePrefixes
    self.distributePrefixes( self.splitPrefix(prefix) )
  File "./SimpleBalancer.py", line 257, in distributePrefixes
    self.distributePrefixes( self.splitPrefix(prefix) )
  File "./SimpleBalancer.py", line 257, in distributePrefixes
    self.distributePrefixes( self.splitPrefix(prefix) )
  File "./SimpleBalancer.py", line 257, in distributePrefixes
    self.distributePrefixes( self.splitPrefix(prefix) )
  File "./SimpleBalancer.py", line 257, in distributePrefixes
    self.distributePrefixes( self.splitPrefix(prefix) )
  File "./SimpleBalancer.py", line 257, in distributePrefixes
    self.distributePrefixes( self.splitPrefix(prefix) )
  File "./SimpleBalancer.py", line 257, in distributePrefixes
    self.distributePrefixes( self.splitPrefix(prefix) )
  File "./SimpleBalancer.py", line 257, in distributePrefixes
    self.distributePrefixes( self.splitPrefix(prefix) )
  File "./SimpleBalancer.py", line 257, in distributePrefixes
    self.distributePrefixes( self.splitPrefix(prefix) )
  File "./SimpleBalancer.py", line 257, in distributePrefixes
    self.distributePrefixes( self.splitPrefix(prefix) )
  File "./SimpleBalancer.py", line 257, in distributePrefixes
    self.distributePrefixes( self.splitPrefix(prefix) )
  File "./SimpleBalancer.py", line 257, in distributePrefixes
    self.distributePrefixes( self.splitPrefix(prefix) )
  File "./SimpleBalancer.py", line 257, in distributePrefixes
    self.distributePrefixes( self.splitPrefix(prefix) )
  File "./SimpleBalancer.py", line 257, in distributePrefixes
    self.distributePrefixes( self.splitPrefix(prefix) )
  File "./SimpleBalancer.py", line 257, in distributePrefixes
    self.distributePrefixes( self.splitPrefix(prefix) )
  File "./SimpleBalancer.py", line 257, in distributePrefixes
    self.distributePrefixes( self.splitPrefix(prefix) )
  File "./SimpleBalancer.py", line 257, in distributePrefixes
    self.distributePrefixes( self.splitPrefix(prefix) )
  File "./SimpleBalancer.py", line 257, in distributePrefixes
    self.distributePrefixes( self.splitPrefix(prefix) )
  File "./SimpleBalancer.py", line 257, in distributePrefixes
    self.distributePrefixes( self.splitPrefix(prefix) )
  File "./SimpleBalancer.py", line 257, in distributePrefixes
    self.distributePrefixes( self.splitPrefix(prefix) )
  File "./SimpleBalancer.py", line 257, in distributePrefixes
    self.distributePrefixes( self.splitPrefix(prefix) )
  File "./SimpleBalancer.py", line 257, in distributePrefixes
    self.distributePrefixes( self.splitPrefix(prefix) )
  File "./SimpleBalancer.py", line 257, in distributePrefixes
    self.distributePrefixes( self.splitPrefix(prefix) )
  File "./SimpleBalancer.py", line 257, in distributePrefixes
    self.distributePrefixes( self.splitPrefix(prefix) )
  File "./SimpleBalancer.py", line 257, in distributePrefixes
    self.distributePrefixes( self.splitPrefix(prefix) )
  File "./SimpleBalancer.py", line 257, in distributePrefixes
    self.distributePrefixes( self.splitPrefix(prefix) )
  File "./SimpleBalancer.py", line 257, in distributePrefixes
    self.distributePrefixes( self.splitPrefix(prefix) )
  File "./SimpleBalancer.py", line 257, in distributePrefixes
    self.distributePrefixes( self.splitPrefix(prefix) )
  File "./SimpleBalancer.py", line 257, in distributePrefixes
    self.distributePrefixes( self.splitPrefix(prefix) )
  File "./SimpleBalancer.py", line 257, in distributePrefixes
    self.distributePrefixes( self.splitPrefix(prefix) )
  File "./SimpleBalancer.py", line 257, in distributePrefixes
    self.distributePrefixes( self.splitPrefix(prefix) )
  File "./SimpleBalancer.py", line 257, in distributePrefixes
    self.distributePrefixes( self.splitPrefix(prefix) )
  File "./SimpleBalancer.py", line 257, in distributePrefixes
    self.distributePrefixes( self.splitPrefix(prefix) )
  File "./SimpleBalancer.py", line 257, in distributePrefixes
    self.distributePrefixes( self.splitPrefix(prefix) )
  File "./SimpleBalancer.py", line 257, in distributePrefixes
    self.distributePrefixes( self.splitPrefix(prefix) )
  File "./SimpleBalancer.py", line 257, in distributePrefixes
    self.distributePrefixes( self.splitPrefix(prefix) )
  File "./SimpleBalancer.py", line 257, in distributePrefixes
    self.distributePrefixes( self.splitPrefix(prefix) )
  File "./SimpleBalancer.py", line 257, in distributePrefixes
    self.distributePrefixes( self.splitPrefix(prefix) )
  File "./SimpleBalancer.py", line 257, in distributePrefixes
    self.distributePrefixes( self.splitPrefix(prefix) )
  File "./SimpleBalancer.py", line 257, in distributePrefixes
    self.distributePrefixes( self.splitPrefix(prefix) )
  File "./SimpleBalancer.py", line 257, in distributePrefixes
    self.distributePrefixes( self.splitPrefix(prefix) )
  File "./SimpleBalancer.py", line 257, in distributePrefixes
    self.distributePrefixes( self.splitPrefix(prefix) )
  File "./SimpleBalancer.py", line 257, in distributePrefixes
    self.distributePrefixes( self.splitPrefix(prefix) )
  File "./SimpleBalancer.py", line 257, in distributePrefixes
    self.distributePrefixes( self.splitPrefix(prefix) )
  File "./SimpleBalancer.py", line 257, in distributePrefixes
    self.distributePrefixes( self.splitPrefix(prefix) )
  File "./SimpleBalancer.py", line 257, in distributePrefixes
    self.distributePrefixes( self.splitPrefix(prefix) )
  File "./SimpleBalancer.py", line 257, in distributePrefixes
    self.distributePrefixes( self.splitPrefix(prefix) )
  File "./SimpleBalancer.py", line 257, in distributePrefixes
    self.distributePrefixes( self.splitPrefix(prefix) )
  File "./SimpleBalancer.py", line 257, in distributePrefixes
    self.distributePrefixes( self.splitPrefix(prefix) )
  File "./SimpleBalancer.py", line 257, in distributePrefixes
    self.distributePrefixes( self.splitPrefix(prefix) )
  File "./SimpleBalancer.py", line 257, in distributePrefixes
    self.distributePrefixes( self.splitPrefix(prefix) )
  File "./SimpleBalancer.py", line 257, in distributePrefixes
    self.distributePrefixes( self.splitPrefix(prefix) )
  File "./SimpleBalancer.py", line 257, in distributePrefixes
    self.distributePrefixes( self.splitPrefix(prefix) )
  File "./SimpleBalancer.py", line 257, in distributePrefixes
    self.distributePrefixes( self.splitPrefix(prefix) )
  File "./SimpleBalancer.py", line 257, in distributePrefixes
    self.distributePrefixes( self.splitPrefix(prefix) )
  File "./SimpleBalancer.py", line 257, in distributePrefixes
    self.distributePrefixes( self.splitPrefix(prefix) )
  File "./SimpleBalancer.py", line 257, in distributePrefixes
    self.distributePrefixes( self.splitPrefix(prefix) )
  File "./SimpleBalancer.py", line 257, in distributePrefixes
    self.distributePrefixes( self.splitPrefix(prefix) )
  File "./SimpleBalancer.py", line 257, in distributePrefixes
    self.distributePrefixes( self.splitPrefix(prefix) )
  File "./SimpleBalancer.py", line 257, in distributePrefixes
    self.distributePrefixes( self.splitPrefix(prefix) )
  File "./SimpleBalancer.py", line 257, in distributePrefixes
    self.distributePrefixes( self.splitPrefix(prefix) )
  File "./SimpleBalancer.py", line 257, in distributePrefixes
    self.distributePrefixes( self.splitPrefix(prefix) )
  File "./SimpleBalancer.py", line 257, in distributePrefixes
    self.distributePrefixes( self.splitPrefix(prefix) )
  File "./SimpleBalancer.py", line 257, in distributePrefixes
    self.distributePrefixes( self.splitPrefix(prefix) )
  File "./SimpleBalancer.py", line 257, in distributePrefixes
    self.distributePrefixes( self.splitPrefix(prefix) )
  File "./SimpleBalancer.py", line 257, in distributePrefixes
    self.distributePrefixes( self.splitPrefix(prefix) )
  File "./SimpleBalancer.py", line 257, in distributePrefixes
    self.distributePrefixes( self.splitPrefix(prefix) )
  File "./SimpleBalancer.py", line 257, in distributePrefixes
    self.distributePrefixes( self.splitPrefix(prefix) )
  File "./SimpleBalancer.py", line 257, in distributePrefixes
    self.distributePrefixes( self.splitPrefix(prefix) )
  File "./SimpleBalancer.py", line 257, in distributePrefixes
    self.distributePrefixes( self.splitPrefix(prefix) )
  File "./SimpleBalancer.py", line 257, in distributePrefixes
    self.distributePrefixes( self.splitPrefix(prefix) )
  File "./SimpleBalancer.py", line 257, in distributePrefixes
    self.distributePrefixes( self.splitPrefix(prefix) )
  File "./SimpleBalancer.py", line 257, in distributePrefixes
    self.distributePrefixes( self.splitPrefix(prefix) )
  File "./SimpleBalancer.py", line 257, in distributePrefixes
    self.distributePrefixes( self.splitPrefix(prefix) )
  File "./SimpleBalancer.py", line 257, in distributePrefixes
    self.distributePrefixes( self.splitPrefix(prefix) )
  File "./SimpleBalancer.py", line 257, in distributePrefixes
    self.distributePrefixes( self.splitPrefix(prefix) )
  File "./SimpleBalancer.py", line 257, in distributePrefixes
    self.distributePrefixes( self.splitPrefix(prefix) )
  File "./SimpleBalancer.py", line 257, in distributePrefixes
    self.distributePrefixes( self.splitPrefix(prefix) )
  File "./SimpleBalancer.py", line 257, in distributePrefixes
    self.distributePrefixes( self.splitPrefix(prefix) )
  File "./SimpleBalancer.py", line 257, in distributePrefixes
    self.distributePrefixes( self.splitPrefix(prefix) )
  File "./SimpleBalancer.py", line 257, in distributePrefixes
    self.distributePrefixes( self.splitPrefix(prefix) )
  File "./SimpleBalancer.py", line 257, in distributePrefixes
    self.distributePrefixes( self.splitPrefix(prefix) )
  File "./SimpleBalancer.py", line 257, in distributePrefixes
    self.distributePrefixes( self.splitPrefix(prefix) )
  File "./SimpleBalancer.py", line 257, in distributePrefixes
    self.distributePrefixes( self.splitPrefix(prefix) )
  File "./SimpleBalancer.py", line 257, in distributePrefixes
    self.distributePrefixes( self.splitPrefix(prefix) )
  File "./SimpleBalancer.py", line 257, in distributePrefixes
    self.distributePrefixes( self.splitPrefix(prefix) )
  File "./SimpleBalancer.py", line 257, in distributePrefixes
    self.distributePrefixes( self.splitPrefix(prefix) )
  File "./SimpleBalancer.py", line 257, in distributePrefixes
    self.distributePrefixes( self.splitPrefix(prefix) )
  File "./SimpleBalancer.py", line 257, in distributePrefixes
    self.distributePrefixes( self.splitPrefix(prefix) )
  File "./SimpleBalancer.py", line 257, in distributePrefixes
    self.distributePrefixes( self.splitPrefix(prefix) )
  File "./SimpleBalancer.py", line 257, in distributePrefixes
    self.distributePrefixes( self.splitPrefix(prefix) )
  File "./SimpleBalancer.py", line 257, in distributePrefixes
    self.distributePrefixes( self.splitPrefix(prefix) )
  File "./SimpleBalancer.py", line 257, in distributePrefixes
    self.distributePrefixes( self.splitPrefix(prefix) )
  File "./SimpleBalancer.py", line 257, in distributePrefixes
    self.distributePrefixes( self.splitPrefix(prefix) )
  File "./SimpleBalancer.py", line 257, in distributePrefixes
    self.distributePrefixes( self.splitPrefix(prefix) )
  File "./SimpleBalancer.py", line 257, in distributePrefixes
    self.distributePrefixes( self.splitPrefix(prefix) )
  File "./SimpleBalancer.py", line 257, in distributePrefixes
    self.distributePrefixes( self.splitPrefix(prefix) )
  File "./SimpleBalancer.py", line 257, in distributePrefixes
    self.distributePrefixes( self.splitPrefix(prefix) )
  File "./SimpleBalancer.py", line 257, in distributePrefixes
    self.distributePrefixes( self.splitPrefix(prefix) )
  File "./SimpleBalancer.py", line 257, in distributePrefixes
    self.distributePrefixes( self.splitPrefix(prefix) )
  File "./SimpleBalancer.py", line 257, in distributePrefixes
    self.distributePrefixes( self.splitPrefix(prefix) )
  File "./SimpleBalancer.py", line 257, in distributePrefixes
    self.distributePrefixes( self.splitPrefix(prefix) )
  File "./SimpleBalancer.py", line 257, in distributePrefixes
    self.distributePrefixes( self.splitPrefix(prefix) )
  File "./SimpleBalancer.py", line 257, in distributePrefixes
    self.distributePrefixes( self.splitPrefix(prefix) )
  File "./SimpleBalancer.py", line 257, in distributePrefixes
    self.distributePrefixes( self.splitPrefix(prefix) )
  File "./SimpleBalancer.py", line 257, in distributePrefixes
    self.distributePrefixes( self.splitPrefix(prefix) )
  File "./SimpleBalancer.py", line 257, in distributePrefixes
    self.distributePrefixes( self.splitPrefix(prefix) )
  File "./SimpleBalancer.py", line 257, in distributePrefixes
    self.distributePrefixes( self.splitPrefix(prefix) )
  File "./SimpleBalancer.py", line 257, in distributePrefixes
    self.distributePrefixes( self.splitPrefix(prefix) )
  File "./SimpleBalancer.py", line 257, in distributePrefixes
    self.distributePrefixes( self.splitPrefix(prefix) )
  File "./SimpleBalancer.py", line 257, in distributePrefixes
    self.distributePrefixes( self.splitPrefix(prefix) )
  File "./SimpleBalancer.py", line 257, in distributePrefixes
    self.distributePrefixes( self.splitPrefix(prefix) )
  File "./SimpleBalancer.py", line 257, in distributePrefixes
    self.distributePrefixes( self.splitPrefix(prefix) )
  File "./SimpleBalancer.py", line 257, in distributePrefixes
    self.distributePrefixes( self.splitPrefix(prefix) )
  File "./SimpleBalancer.py", line 257, in distributePrefixes
    self.distributePrefixes( self.splitPrefix(prefix) )
  File "./SimpleBalancer.py", line 257, in distributePrefixes
    self.distributePrefixes( self.splitPrefix(prefix) )
  File "./SimpleBalancer.py", line 257, in distributePrefixes
    self.distributePrefixes( self.splitPrefix(prefix) )
  File "./SimpleBalancer.py", line 257, in distributePrefixes
    self.distributePrefixes( self.splitPrefix(prefix) )
  File "./SimpleBalancer.py", line 257, in distributePrefixes
    self.distributePrefixes( self.splitPrefix(prefix) )
  File "./SimpleBalancer.py", line 257, in distributePrefixes
    self.distributePrefixes( self.splitPrefix(prefix) )
  File "./SimpleBalancer.py", line 257, in distributePrefixes
    self.distributePrefixes( self.splitPrefix(prefix) )
  File "./SimpleBalancer.py", line 257, in distributePrefixes
    self.distributePrefixes( self.splitPrefix(prefix) )
  File "./SimpleBalancer.py", line 257, in distributePrefixes
    self.distributePrefixes( self.splitPrefix(prefix) )
  File "./SimpleBalancer.py", line 257, in distributePrefixes
    self.distributePrefixes( self.splitPrefix(prefix) )
  File "./SimpleBalancer.py", line 257, in distributePrefixes
    self.distributePrefixes( self.splitPrefix(prefix) )
  File "./SimpleBalancer.py", line 257, in distributePrefixes
    self.distributePrefixes( self.splitPrefix(prefix) )
  File "./SimpleBalancer.py", line 257, in distributePrefixes
    self.distributePrefixes( self.splitPrefix(prefix) )
  File "./SimpleBalancer.py", line 257, in distributePrefixes
    self.distributePrefixes( self.splitPrefix(prefix) )
  File "./SimpleBalancer.py", line 257, in distributePrefixes
    self.distributePrefixes( self.splitPrefix(prefix) )
  File "./SimpleBalancer.py", line 257, in distributePrefixes
    self.distributePrefixes( self.splitPrefix(prefix) )
  File "./SimpleBalancer.py", line 257, in distributePrefixes
    self.distributePrefixes( self.splitPrefix(prefix) )
  File "./SimpleBalancer.py", line 257, in distributePrefixes
    self.distributePrefixes( self.splitPrefix(prefix) )
  File "./SimpleBalancer.py", line 257, in distributePrefixes
    self.distributePrefixes( self.splitPrefix(prefix) )
  File "./SimpleBalancer.py", line 257, in distributePrefixes
    self.distributePrefixes( self.splitPrefix(prefix) )
  File "./SimpleBalancer.py", line 257, in distributePrefixes
    self.distributePrefixes( self.splitPrefix(prefix) )
  File "./SimpleBalancer.py", line 257, in distributePrefixes
    self.distributePrefixes( self.splitPrefix(prefix) )
  File "./SimpleBalancer.py", line 257, in distributePrefixes
    self.distributePrefixes( self.splitPrefix(prefix) )
  File "./SimpleBalancer.py", line 257, in distributePrefixes
    self.distributePrefixes( self.splitPrefix(prefix) )
  File "./SimpleBalancer.py", line 257, in distributePrefixes
    self.distributePrefixes( self.splitPrefix(prefix) )
  File "./SimpleBalancer.py", line 257, in distributePrefixes
    self.distributePrefixes( self.splitPrefix(prefix) )
  File "./SimpleBalancer.py", line 257, in distributePrefixes
    self.distributePrefixes( self.splitPrefix(prefix) )
  File "./SimpleBalancer.py", line 257, in distributePrefixes
    self.distributePrefixes( self.splitPrefix(prefix) )
  File "./SimpleBalancer.py", line 257, in distributePrefixes
    self.distributePrefixes( self.splitPrefix(prefix) )
  File "./SimpleBalancer.py", line 257, in distributePrefixes
    self.distributePrefixes( self.splitPrefix(prefix) )
  File "./SimpleBalancer.py", line 257, in distributePrefixes
    self.distributePrefixes( self.splitPrefix(prefix) )
  File "./SimpleBalancer.py", line 257, in distributePrefixes
    self.distributePrefixes( self.splitPrefix(prefix) )
  File "./SimpleBalancer.py", line 257, in distributePrefixes
    self.distributePrefixes( self.splitPrefix(prefix) )
  File "./SimpleBalancer.py", line 257, in distributePrefixes
    self.distributePrefixes( self.splitPrefix(prefix) )
  File "./SimpleBalancer.py", line 257, in distributePrefixes
    self.distributePrefixes( self.splitPrefix(prefix) )
  File "./SimpleBalancer.py", line 257, in distributePrefixes
    self.distributePrefixes( self.splitPrefix(prefix) )
  File "./SimpleBalancer.py", line 257, in distributePrefixes
    self.distributePrefixes( self.splitPrefix(prefix) )
  File "./SimpleBalancer.py", line 257, in distributePrefixes
    self.distributePrefixes( self.splitPrefix(prefix) )
  File "./SimpleBalancer.py", line 257, in distributePrefixes
    self.distributePrefixes( self.splitPrefix(prefix) )
  File "./SimpleBalancer.py", line 257, in distributePrefixes
    self.distributePrefixes( self.splitPrefix(prefix) )
  File "./SimpleBalancer.py", line 257, in distributePrefixes
    self.distributePrefixes( self.splitPrefix(prefix) )
  File "./SimpleBalancer.py", line 257, in distributePrefixes
    self.distributePrefixes( self.splitPrefix(prefix) )
  File "./SimpleBalancer.py", line 257, in distributePrefixes
    self.distributePrefixes( self.splitPrefix(prefix) )
  File "./SimpleBalancer.py", line 257, in distributePrefixes
    self.distributePrefixes( self.splitPrefix(prefix) )
  File "./SimpleBalancer.py", line 257, in distributePrefixes
    self.distributePrefixes( self.splitPrefix(prefix) )
  File "./SimpleBalancer.py", line 257, in distributePrefixes
    self.distributePrefixes( self.splitPrefix(prefix) )
  File "./SimpleBalancer.py", line 257, in distributePrefixes
    self.distributePrefixes( self.splitPrefix(prefix) )
  File "./SimpleBalancer.py", line 257, in distributePrefixes
    self.distributePrefixes( self.splitPrefix(prefix) )
  File "./SimpleBalancer.py", line 257, in distributePrefixes
    self.distributePrefixes( self.splitPrefix(prefix) )
  File "./SimpleBalancer.py", line 257, in distributePrefixes
    self.distributePrefixes( self.splitPrefix(prefix) )
  File "./SimpleBalancer.py", line 257, in distributePrefixes
    self.distributePrefixes( self.splitPrefix(prefix) )
  File "./SimpleBalancer.py", line 257, in distributePrefixes
    self.distributePrefixes( self.splitPrefix(prefix) )
  File "./SimpleBalancer.py", line 257, in distributePrefixes
    self.distributePrefixes( self.splitPrefix(prefix) )
  File "./SimpleBalancer.py", line 257, in distributePrefixes
    self.distributePrefixes( self.splitPrefix(prefix) )
  File "./SimpleBalancer.py", line 257, in distributePrefixes
    self.distributePrefixes( self.splitPrefix(prefix) )
  File "./SimpleBalancer.py", line 257, in distributePrefixes
    self.distributePrefixes( self.splitPrefix(prefix) )
  File "./SimpleBalancer.py", line 257, in distributePrefixes
    self.distributePrefixes( self.splitPrefix(prefix) )
  File "./SimpleBalancer.py", line 257, in distributePrefixes
    self.distributePrefixes( self.splitPrefix(prefix) )
  File "./SimpleBalancer.py", line 257, in distributePrefixes
    self.distributePrefixes( self.splitPrefix(prefix) )
  File "./SimpleBalancer.py", line 257, in distributePrefixes
    self.distributePrefixes( self.splitPrefix(prefix) )
  File "./SimpleBalancer.py", line 257, in distributePrefixes
    self.distributePrefixes( self.splitPrefix(prefix) )
  File "./SimpleBalancer.py", line 257, in distributePrefixes
    self.distributePrefixes( self.splitPrefix(prefix) )
  File "./SimpleBalancer.py", line 257, in distributePrefixes
    self.distributePrefixes( self.splitPrefix(prefix) )
  File "./SimpleBalancer.py", line 257, in distributePrefixes
    self.distributePrefixes( self.splitPrefix(prefix) )
  File "./SimpleBalancer.py", line 257, in distributePrefixes
    self.distributePrefixes( self.splitPrefix(prefix) )
  File "./SimpleBalancer.py", line 257, in distributePrefixes
    self.distributePrefixes( self.splitPrefix(prefix) )
  File "./SimpleBalancer.py", line 257, in distributePrefixes
    self.distributePrefixes( self.splitPrefix(prefix) )
  File "./SimpleBalancer.py", line 257, in distributePrefixes
    self.distributePrefixes( self.splitPrefix(prefix) )
  File "./SimpleBalancer.py", line 257, in distributePrefixes
    self.distributePrefixes( self.splitPrefix(prefix) )
  File "./SimpleBalancer.py", line 257, in distributePrefixes
    self.distributePrefixes( self.splitPrefix(prefix) )
  File "./SimpleBalancer.py", line 257, in distributePrefixes
    self.distributePrefixes( self.splitPrefix(prefix) )
  File "./SimpleBalancer.py", line 257, in distributePrefixes
    self.distributePrefixes( self.splitPrefix(prefix) )
  File "./SimpleBalancer.py", line 257, in distributePrefixes
    self.distributePrefixes( self.splitPrefix(prefix) )
  File "./SimpleBalancer.py", line 257, in distributePrefixes
    self.distributePrefixes( self.splitPrefix(prefix) )
  File "./SimpleBalancer.py", line 257, in distributePrefixes
    self.distributePrefixes( self.splitPrefix(prefix) )
  File "./SimpleBalancer.py", line 257, in distributePrefixes
    self.distributePrefixes( self.splitPrefix(prefix) )
  File "./SimpleBalancer.py", line 257, in distributePrefixes
    self.distributePrefixes( self.splitPrefix(prefix) )
  File "./SimpleBalancer.py", line 257, in distributePrefixes
    self.distributePrefixes( self.splitPrefix(prefix) )
  File "./SimpleBalancer.py", line 257, in distributePrefixes
    self.distributePrefixes( self.splitPrefix(prefix) )
  File "./SimpleBalancer.py", line 257, in distributePrefixes
    self.distributePrefixes( self.splitPrefix(prefix) )
  File "./SimpleBalancer.py", line 257, in distributePrefixes
    self.distributePrefixes( self.splitPrefix(prefix) )
  File "./SimpleBalancer.py", line 257, in distributePrefixes
    self.distributePrefixes( self.splitPrefix(prefix) )
  File "./SimpleBalancer.py", line 257, in distributePrefixes
    self.distributePrefixes( self.splitPrefix(prefix) )
  File "./SimpleBalancer.py", line 257, in distributePrefixes
    self.distributePrefixes( self.splitPrefix(prefix) )
  File "./SimpleBalancer.py", line 257, in distributePrefixes
    self.distributePrefixes( self.splitPrefix(prefix) )
  File "./SimpleBalancer.py", line 257, in distributePrefixes
    self.distributePrefixes( self.splitPrefix(prefix) )
  File "./SimpleBalancer.py", line 257, in distributePrefixes
    self.distributePrefixes( self.splitPrefix(prefix) )
  File "./SimpleBalancer.py", line 257, in distributePrefixes
    self.distributePrefixes( self.splitPrefix(prefix) )
  File "./SimpleBalancer.py", line 257, in distributePrefixes
    self.distributePrefixes( self.splitPrefix(prefix) )
  File "./SimpleBalancer.py", line 257, in distributePrefixes
    self.distributePrefixes( self.splitPrefix(prefix) )
  File "./SimpleBalancer.py", line 257, in distributePrefixes
    self.distributePrefixes( self.splitPrefix(prefix) )
  File "./SimpleBalancer.py", line 257, in distributePrefixes
    self.distributePrefixes( self.splitPrefix(prefix) )
  File "./SimpleBalancer.py", line 257, in distributePrefixes
    self.distributePrefixes( self.splitPrefix(prefix) )
  File "./SimpleBalancer.py", line 257, in distributePrefixes
    self.distributePrefixes( self.splitPrefix(prefix) )
  File "./SimpleBalancer.py", line 257, in distributePrefixes
    self.distributePrefixes( self.splitPrefix(prefix) )
  File "./SimpleBalancer.py", line 257, in distributePrefixes
    self.distributePrefixes( self.splitPrefix(prefix) )
  File "./SimpleBalancer.py", line 257, in distributePrefixes
    self.distributePrefixes( self.splitPrefix(prefix) )
  File "./SimpleBalancer.py", line 257, in distributePrefixes
    self.distributePrefixes( self.splitPrefix(prefix) )
  File "./SimpleBalancer.py", line 257, in distributePrefixes
    self.distributePrefixes( self.splitPrefix(prefix) )
  File "./SimpleBalancer.py", line 257, in distributePrefixes
    self.distributePrefixes( self.splitPrefix(prefix) )
  File "./SimpleBalancer.py", line 257, in distributePrefixes
    self.distributePrefixes( self.splitPrefix(prefix) )
  File "./SimpleBalancer.py", line 257, in distributePrefixes
    self.distributePrefixes( self.splitPrefix(prefix) )
  File "./SimpleBalancer.py", line 257, in distributePrefixes
    self.distributePrefixes( self.splitPrefix(prefix) )
  File "./SimpleBalancer.py", line 257, in distributePrefixes
    self.distributePrefixes( self.splitPrefix(prefix) )
  File "./SimpleBalancer.py", line 257, in distributePrefixes
    self.distributePrefixes( self.splitPrefix(prefix) )
  File "./SimpleBalancer.py", line 257, in distributePrefixes
    self.distributePrefixes( self.splitPrefix(prefix) )
  File "./SimpleBalancer.py", line 257, in distributePrefixes
    self.distributePrefixes( self.splitPrefix(prefix) )
  File "./SimpleBalancer.py", line 257, in distributePrefixes
    self.distributePrefixes( self.splitPrefix(prefix) )
  File "./SimpleBalancer.py", line 257, in distributePrefixes
    self.distributePrefixes( self.splitPrefix(prefix) )
  File "./SimpleBalancer.py", line 257, in distributePrefixes
    self.distributePrefixes( self.splitPrefix(prefix) )
  File "./SimpleBalancer.py", line 257, in distributePrefixes
    self.distributePrefixes( self.splitPrefix(prefix) )
  File "./SimpleBalancer.py", line 257, in distributePrefixes
    self.distributePrefixes( self.splitPrefix(prefix) )
  File "./SimpleBalancer.py", line 257, in distributePrefixes
    self.distributePrefixes( self.splitPrefix(prefix) )
  File "./SimpleBalancer.py", line 257, in distributePrefixes
    self.distributePrefixes( self.splitPrefix(prefix) )
  File "./SimpleBalancer.py", line 257, in distributePrefixes
    self.distributePrefixes( self.splitPrefix(prefix) )
  File "./SimpleBalancer.py", line 257, in distributePrefixes
    self.distributePrefixes( self.splitPrefix(prefix) )
  File "./SimpleBalancer.py", line 257, in distributePrefixes
    self.distributePrefixes( self.splitPrefix(prefix) )
  File "./SimpleBalancer.py", line 257, in distributePrefixes
    self.distributePrefixes( self.splitPrefix(prefix) )
  File "./SimpleBalancer.py", line 257, in distributePrefixes
    self.distributePrefixes( self.splitPrefix(prefix) )
  File "./SimpleBalancer.py", line 257, in distributePrefixes
    self.distributePrefixes( self.splitPrefix(prefix) )
  File "./SimpleBalancer.py", line 257, in distributePrefixes
    self.distributePrefixes( self.splitPrefix(prefix) )
  File "./SimpleBalancer.py", line 257, in distributePrefixes
    self.distributePrefixes( self.splitPrefix(prefix) )
  File "./SimpleBalancer.py", line 257, in distributePrefixes
    self.distributePrefixes( self.splitPrefix(prefix) )
  File "./SimpleBalancer.py", line 257, in distributePrefixes
    self.distributePrefixes( self.splitPrefix(prefix) )
  File "./SimpleBalancer.py", line 257, in distributePrefixes
    self.distributePrefixes( self.splitPrefix(prefix) )
  File "./SimpleBalancer.py", line 257, in distributePrefixes
    self.distributePrefixes( self.splitPrefix(prefix) )
  File "./SimpleBalancer.py", line 257, in distributePrefixes
    self.distributePrefixes( self.splitPrefix(prefix) )
  File "./SimpleBalancer.py", line 257, in distributePrefixes
    self.distributePrefixes( self.splitPrefix(prefix) )
  File "./SimpleBalancer.py", line 257, in distributePrefixes
    self.distributePrefixes( self.splitPrefix(prefix) )
  File "./SimpleBalancer.py", line 257, in distributePrefixes
    self.distributePrefixes( self.splitPrefix(prefix) )
  File "./SimpleBalancer.py", line 257, in distributePrefixes
    self.distributePrefixes( self.splitPrefix(prefix) )
  File "./SimpleBalancer.py", line 257, in distributePrefixes
    self.distributePrefixes( self.splitPrefix(prefix) )
  File "./SimpleBalancer.py", line 257, in distributePrefixes
    self.distributePrefixes( self.splitPrefix(prefix) )
  File "./SimpleBalancer.py", line 257, in distributePrefixes
    self.distributePrefixes( self.splitPrefix(prefix) )
  File "./SimpleBalancer.py", line 257, in distributePrefixes
    self.distributePrefixes( self.splitPrefix(prefix) )
  File "./SimpleBalancer.py", line 257, in distributePrefixes
    self.distributePrefixes( self.splitPrefix(prefix) )
  File "./SimpleBalancer.py", line 257, in distributePrefixes
    self.distributePrefixes( self.splitPrefix(prefix) )
  File "./SimpleBalancer.py", line 257, in distributePrefixes
    self.distributePrefixes( self.splitPrefix(prefix) )
  File "./SimpleBalancer.py", line 257, in distributePrefixes
    self.distributePrefixes( self.splitPrefix(prefix) )
  File "./SimpleBalancer.py", line 257, in distributePrefixes
    self.distributePrefixes( self.splitPrefix(prefix) )
  File "./SimpleBalancer.py", line 257, in distributePrefixes
    self.distributePrefixes( self.splitPrefix(prefix) )
  File "./SimpleBalancer.py", line 257, in distributePrefixes
    self.distributePrefixes( self.splitPrefix(prefix) )
  File "./SimpleBalancer.py", line 257, in distributePrefixes
    self.distributePrefixes( self.splitPrefix(prefix) )
  File "./SimpleBalancer.py", line 257, in distributePrefixes
    self.distributePrefixes( self.splitPrefix(prefix) )
  File "./SimpleBalancer.py", line 257, in distributePrefixes
    self.distributePrefixes( self.splitPrefix(prefix) )
  File "./SimpleBalancer.py", line 257, in distributePrefixes
    self.distributePrefixes( self.splitPrefix(prefix) )
  File "./SimpleBalancer.py", line 257, in distributePrefixes
    self.distributePrefixes( self.splitPrefix(prefix) )
  File "./SimpleBalancer.py", line 257, in distributePrefixes
    self.distributePrefixes( self.splitPrefix(prefix) )
  File "./SimpleBalancer.py", line 257, in distributePrefixes
    self.distributePrefixes( self.splitPrefix(prefix) )
  File "./SimpleBalancer.py", line 257, in distributePrefixes
    self.distributePrefixes( self.splitPrefix(prefix) )
  File "./SimpleBalancer.py", line 257, in distributePrefixes
    self.distributePrefixes( self.splitPrefix(prefix) )
  File "./SimpleBalancer.py", line 257, in distributePrefixes
    self.distributePrefixes( self.splitPrefix(prefix) )
  File "./SimpleBalancer.py", line 257, in distributePrefixes
    self.distributePrefixes( self.splitPrefix(prefix) )
  File "./SimpleBalancer.py", line 257, in distributePrefixes
    self.distributePrefixes( self.splitPrefix(prefix) )
  File "./SimpleBalancer.py", line 257, in distributePrefixes
    self.distributePrefixes( self.splitPrefix(prefix) )
  File "./SimpleBalancer.py", line 257, in distributePrefixes
    self.distributePrefixes( self.splitPrefix(prefix) )
  File "./SimpleBalancer.py", line 257, in distributePrefixes
    self.distributePrefixes( self.splitPrefix(prefix) )
  File "./SimpleBalancer.py", line 257, in distributePrefixes
    self.distributePrefixes( self.splitPrefix(prefix) )
  File "./SimpleBalancer.py", line 257, in distributePrefixes
    self.distributePrefixes( self.splitPrefix(prefix) )
  File "./SimpleBalancer.py", line 257, in distributePrefixes
    self.distributePrefixes( self.splitPrefix(prefix) )
  File "./SimpleBalancer.py", line 257, in distributePrefixes
    self.distributePrefixes( self.splitPrefix(prefix) )
  File "./SimpleBalancer.py", line 257, in distributePrefixes
    self.distributePrefixes( self.splitPrefix(prefix) )
  File "./SimpleBalancer.py", line 257, in distributePrefixes
    self.distributePrefixes( self.splitPrefix(prefix) )
  File "./SimpleBalancer.py", line 257, in distributePrefixes
    self.distributePrefixes( self.splitPrefix(prefix) )
  File "./SimpleBalancer.py", line 257, in distributePrefixes
    self.distributePrefixes( self.splitPrefix(prefix) )
  File "./SimpleBalancer.py", line 257, in distributePrefixes
    self.distributePrefixes( self.splitPrefix(prefix) )
  File "./SimpleBalancer.py", line 257, in distributePrefixes
    self.distributePrefixes( self.splitPrefix(prefix) )
  File "./SimpleBalancer.py", line 257, in distributePrefixes
    self.distributePrefixes( self.splitPrefix(prefix) )
  File "./SimpleBalancer.py", line 257, in distributePrefixes
    self.distributePrefixes( self.splitPrefix(prefix) )
  File "./SimpleBalancer.py", line 257, in distributePrefixes
    self.distributePrefixes( self.splitPrefix(prefix) )
  File "./SimpleBalancer.py", line 257, in distributePrefixes
    self.distributePrefixes( self.splitPrefix(prefix) )
  File "./SimpleBalancer.py", line 257, in distributePrefixes
    self.distributePrefixes( self.splitPrefix(prefix) )
  File "./SimpleBalancer.py", line 257, in distributePrefixes
    self.distributePrefixes( self.splitPrefix(prefix) )
  File "./SimpleBalancer.py", line 257, in distributePrefixes
    self.distributePrefixes( self.splitPrefix(prefix) )
  File "./SimpleBalancer.py", line 257, in distributePrefixes
    self.distributePrefixes( self.splitPrefix(prefix) )
  File "./SimpleBalancer.py", line 257, in distributePrefixes
    self.distributePrefixes( self.splitPrefix(prefix) )
  File "./SimpleBalancer.py", line 257, in distributePrefixes
    self.distributePrefixes( self.splitPrefix(prefix) )
  File "./SimpleBalancer.py", line 257, in distributePrefixes
    self.distributePrefixes( self.splitPrefix(prefix) )
  File "./SimpleBalancer.py", line 257, in distributePrefixes
    self.distributePrefixes( self.splitPrefix(prefix) )
  File "./SimpleBalancer.py", line 257, in distributePrefixes
    self.distributePrefixes( self.splitPrefix(prefix) )
  File "./SimpleBalancer.py", line 257, in distributePrefixes
    self.distributePrefixes( self.splitPrefix(prefix) )
  File "./SimpleBalancer.py", line 257, in distributePrefixes
    self.distributePrefixes( self.splitPrefix(prefix) )
  File "./SimpleBalancer.py", line 257, in distributePrefixes
    self.distributePrefixes( self.splitPrefix(prefix) )
  File "./SimpleBalancer.py", line 257, in distributePrefixes
    self.distributePrefixes( self.splitPrefix(prefix) )
  File "./SimpleBalancer.py", line 257, in distributePrefixes
    self.distributePrefixes( self.splitPrefix(prefix) )
  File "./SimpleBalancer.py", line 257, in distributePrefixes
    self.distributePrefixes( self.splitPrefix(prefix) )
  File "./SimpleBalancer.py", line 257, in distributePrefixes
    self.distributePrefixes( self.splitPrefix(prefix) )
  File "./SimpleBalancer.py", line 257, in distributePrefixes
    self.distributePrefixes( self.splitPrefix(prefix) )
  File "./SimpleBalancer.py", line 257, in distributePrefixes
    self.distributePrefixes( self.splitPrefix(prefix) )
  File "./SimpleBalancer.py", line 257, in distributePrefixes
    self.distributePrefixes( self.splitPrefix(prefix) )
  File "./SimpleBalancer.py", line 257, in distributePrefixes
    self.distributePrefixes( self.splitPrefix(prefix) )
  File "./SimpleBalancer.py", line 257, in distributePrefixes
    self.distributePrefixes( self.splitPrefix(prefix) )
  File "./SimpleBalancer.py", line 257, in distributePrefixes
    self.distributePrefixes( self.splitPrefix(prefix) )
  File "./SimpleBalancer.py", line 257, in distributePrefixes
    self.distributePrefixes( self.splitPrefix(prefix) )
  File "./SimpleBalancer.py", line 257, in distributePrefixes
    self.distributePrefixes( self.splitPrefix(prefix) )
  File "./SimpleBalancer.py", line 257, in distributePrefixes
    self.distributePrefixes( self.splitPrefix(prefix) )
  File "./SimpleBalancer.py", line 257, in distributePrefixes
    self.distributePrefixes( self.splitPrefix(prefix) )
  File "./SimpleBalancer.py", line 257, in distributePrefixes
    self.distributePrefixes( self.splitPrefix(prefix) )
  File "./SimpleBalancer.py", line 257, in distributePrefixes
[...]
  File "./SimpleBalancer.py", line 257, in distributePrefixes
    self.distributePrefixes( self.splitPrefix(prefix) )
  File "./SimpleBalancer.py", line 257, in distributePrefixes
    self.distributePrefixes( self.splitPrefix(prefix) )
  File "./SimpleBalancer.py", line 257, in distributePrefixes
    self.distributePrefixes( self.splitPrefix(prefix) )
  File "./SimpleBalancer.py", line 257, in distributePrefixes
    self.distributePrefixes( self.splitPrefix(prefix) )
  File "./SimpleBalancer.py", line 257, in distributePrefixes
    self.distributePrefixes( self.splitPrefix(prefix) )
  File "./SimpleBalancer.py", line 257, in distributePrefixes
    self.distributePrefixes( self.splitPrefix(prefix) )
  File "./SimpleBalancer.py", line 257, in distributePrefixes
    self.distributePrefixes( self.splitPrefix(prefix) )
  File "./SimpleBalancer.py", line 257, in distributePrefixes
    self.distributePrefixes( self.splitPrefix(prefix) )
  File "./SimpleBalancer.py", line 257, in distributePrefixes
    self.distributePrefixes( self.splitPrefix(prefix) )
  File "./SimpleBalancer.py", line 257, in distributePrefixes
    self.distributePrefixes( self.splitPrefix(prefix) )
  File "./SimpleBalancer.py", line 257, in distributePrefixes
    self.distributePrefixes( self.splitPrefix(prefix) )
  File "./SimpleBalancer.py", line 257, in distributePrefixes
    self.distributePrefixes( self.splitPrefix(prefix) )
  File "./SimpleBalancer.py", line 257, in distributePrefixes
    self.distributePrefixes( self.splitPrefix(prefix) )
  File "./SimpleBalancer.py", line 257, in distributePrefixes
    self.distributePrefixes( self.splitPrefix(prefix) )
  File "./SimpleBalancer.py", line 257, in distributePrefixes
    self.distributePrefixes( self.splitPrefix(prefix) )
  File "./SimpleBalancer.py", line 257, in distributePrefixes
    self.distributePrefixes( self.splitPrefix(prefix) )
  File "./SimpleBalancer.py", line 257, in distributePrefixes
    self.distributePrefixes( self.splitPrefix(prefix) )
  File "./SimpleBalancer.py", line 257, in distributePrefixes
    self.distributePrefixes( self.splitPrefix(prefix) )
  File "./SimpleBalancer.py", line 257, in distributePrefixes
    self.distributePrefixes( self.splitPrefix(prefix) )
  File "./SimpleBalancer.py", line 257, in distributePrefixes
    self.distributePrefixes( self.splitPrefix(prefix) )
  File "./SimpleBalancer.py", line 257, in distributePrefixes
    self.distributePrefixes( self.splitPrefix(prefix) )
  File "./SimpleBalancer.py", line 257, in distributePrefixes
    self.distributePrefixes( self.splitPrefix(prefix) )
  File "./SimpleBalancer.py", line 257, in distributePrefixes
    self.distributePrefixes( self.splitPrefix(prefix) )
  File "./SimpleBalancer.py", line 257, in distributePrefixes
    self.distributePrefixes( self.splitPrefix(prefix) )
  File "./SimpleBalancer.py", line 257, in distributePrefixes
    self.distributePrefixes( self.splitPrefix(prefix) )
  File "./SimpleBalancer.py", line 257, in distributePrefixes
    self.distributePrefixes( self.splitPrefix(prefix) )
  File "./SimpleBalancer.py", line 257, in distributePrefixes
    self.distributePrefixes( self.splitPrefix(prefix) )
  File "./SimpleBalancer.py", line 257, in distributePrefixes
    self.distributePrefixes( self.splitPrefix(prefix) )
  File "./SimpleBalancer.py", line 257, in distributePrefixes
    self.distributePrefixes( self.splitPrefix(prefix) )
  File "./SimpleBalancer.py", line 257, in distributePrefixes
    self.distributePrefixes( self.splitPrefix(prefix) )
  File "./SimpleBalancer.py", line 257, in distributePrefixes
    self.distributePrefixes( self.splitPrefix(prefix) )
  File "./SimpleBalancer.py", line 257, in distributePrefixes
    self.distributePrefixes( self.splitPrefix(prefix) )
  File "./SimpleBalancer.py", line 257, in distributePrefixes
    self.distributePrefixes( self.splitPrefix(prefix) )
  File "./SimpleBalancer.py", line 257, in distributePrefixes
    self.distributePrefixes( self.splitPrefix(prefix) )
  File "./SimpleBalancer.py", line 257, in distributePrefixes
    self.distributePrefixes( self.splitPrefix(prefix) )
  File "./SimpleBalancer.py", line 257, in distributePrefixes
    self.distributePrefixes( self.splitPrefix(prefix) )
  File "./SimpleBalancer.py", line 257, in distributePrefixes
    self.distributePrefixes( self.splitPrefix(prefix) )
  File "./SimpleBalancer.py", line 257, in distributePrefixes
    self.distributePrefixes( self.splitPrefix(prefix) )
  File "./SimpleBalancer.py", line 257, in distributePrefixes
    self.distributePrefixes( self.splitPrefix(prefix) )
  File "./SimpleBalancer.py", line 257, in distributePrefixes
    self.distributePrefixes( self.splitPrefix(prefix) )
  File "./SimpleBalancer.py", line 257, in distributePrefixes
    self.distributePrefixes( self.splitPrefix(prefix) )
  File "./SimpleBalancer.py", line 257, in distributePrefixes
    self.distributePrefixes( self.splitPrefix(prefix) )
  File "./SimpleBalancer.py", line 257, in distributePrefixes
    self.distributePrefixes( self.splitPrefix(prefix) )
  File "./SimpleBalancer.py", line 257, in distributePrefixes
    self.distributePrefixes( self.splitPrefix(prefix) )
  File "./SimpleBalancer.py", line 257, in distributePrefixes
    self.distributePrefixes( self.splitPrefix(prefix) )
  File "./SimpleBalancer.py", line 257, in distributePrefixes
    self.distributePrefixes( self.splitPrefix(prefix) )
  File "./SimpleBalancer.py", line 257, in distributePrefixes
    self.distributePrefixes( self.splitPrefix(prefix) )
  File "./SimpleBalancer.py", line 257, in distributePrefixes
    self.distributePrefixes( self.splitPrefix(prefix) )
  File "./SimpleBalancer.py", line 257, in distributePrefixes
    self.distributePrefixes( self.splitPrefix(prefix) )
  File "./SimpleBalancer.py", line 257, in distributePrefixes
    self.distributePrefixes( self.splitPrefix(prefix) )
  File "./SimpleBalancer.py", line 257, in distributePrefixes
    self.distributePrefixes( self.splitPrefix(prefix) )
  File "./SimpleBalancer.py", line 257, in distributePrefixes
    self.distributePrefixes( self.splitPrefix(prefix) )
  File "./SimpleBalancer.py", line 257, in distributePrefixes
    self.distributePrefixes( self.splitPrefix(prefix) )
  File "./SimpleBalancer.py", line 257, in distributePrefixes
    self.distributePrefixes( self.splitPrefix(prefix) )
  File "./SimpleBalancer.py", line 257, in distributePrefixes
    self.distributePrefixes( self.splitPrefix(prefix) )
  File "./SimpleBalancer.py", line 257, in distributePrefixes
    self.distributePrefixes( self.splitPrefix(prefix) )
  File "./SimpleBalancer.py", line 257, in distributePrefixes
    self.distributePrefixes( self.splitPrefix(prefix) )
  File "./SimpleBalancer.py", line 257, in distributePrefixes
    self.distributePrefixes( self.splitPrefix(prefix) )
  File "./SimpleBalancer.py", line 257, in distributePrefixes
    self.distributePrefixes( self.splitPrefix(prefix) )
  File "./SimpleBalancer.py", line 257, in distributePrefixes
    self.distributePrefixes( self.splitPrefix(prefix) )
  File "./SimpleBalancer.py", line 257, in distributePrefixes
    self.distributePrefixes( self.splitPrefix(prefix) )
  File "./SimpleBalancer.py", line 257, in distributePrefixes
    self.distributePrefixes( self.splitPrefix(prefix) )
  File "./SimpleBalancer.py", line 257, in distributePrefixes
    self.distributePrefixes( self.splitPrefix(prefix) )
  File "./SimpleBalancer.py", line 257, in distributePrefixes
    self.distributePrefixes( self.splitPrefix(prefix) )
  File "./SimpleBalancer.py", line 257, in distributePrefixes
    self.distributePrefixes( self.splitPrefix(prefix) )
  File "./SimpleBalancer.py", line 257, in distributePrefixes
    self.distributePrefixes( self.splitPrefix(prefix) )
  File "./SimpleBalancer.py", line 257, in distributePrefixes
    self.distributePrefixes( self.splitPrefix(prefix) )
  File "./SimpleBalancer.py", line 257, in distributePrefixes
    self.distributePrefixes( self.splitPrefix(prefix) )
  File "./SimpleBalancer.py", line 257, in distributePrefixes
    self.distributePrefixes( self.splitPrefix(prefix) )
  File "./SimpleBalancer.py", line 257, in distributePrefixes
    self.distributePrefixes( self.splitPrefix(prefix) )
  File "./SimpleBalancer.py", line 257, in distributePrefixes
    self.distributePrefixes( self.splitPrefix(prefix) )
  File "./SimpleBalancer.py", line 257, in distributePrefixes
    self.distributePrefixes( self.splitPrefix(prefix) )
  File "./SimpleBalancer.py", line 257, in distributePrefixes
    self.distributePrefixes( self.splitPrefix(prefix) )
  File "./SimpleBalancer.py", line 257, in distributePrefixes
    self.distributePrefixes( self.splitPrefix(prefix) )
  File "./SimpleBalancer.py", line 257, in distributePrefixes
    self.distributePrefixes( self.splitPrefix(prefix) )
  File "./SimpleBalancer.py", line 257, in distributePrefixes
    self.distributePrefixes( self.splitPrefix(prefix) )
  File "./SimpleBalancer.py", line 257, in distributePrefixes
    self.distributePrefixes( self.splitPrefix(prefix) )
  File "./SimpleBalancer.py", line 257, in distributePrefixes
    self.distributePrefixes( self.splitPrefix(prefix) )
  File "./SimpleBalancer.py", line 257, in distributePrefixes
    self.distributePrefixes( self.splitPrefix(prefix) )
  File "./SimpleBalancer.py", line 257, in distributePrefixes
    self.distributePrefixes( self.splitPrefix(prefix) )
  File "./SimpleBalancer.py", line 257, in distributePrefixes
    self.distributePrefixes( self.splitPrefix(prefix) )
  File "./SimpleBalancer.py", line 257, in distributePrefixes
    self.distributePrefixes( self.splitPrefix(prefix) )
  File "./SimpleBalancer.py", line 257, in distributePrefixes
    self.distributePrefixes( self.splitPrefix(prefix) )
  File "./SimpleBalancer.py", line 257, in distributePrefixes
    self.distributePrefixes( self.splitPrefix(prefix) )
  File "./SimpleBalancer.py", line 257, in distributePrefixes
    self.distributePrefixes( self.splitPrefix(prefix) )
  File "./SimpleBalancer.py", line 257, in distributePrefixes
    self.distributePrefixes( self.splitPrefix(prefix) )
  File "./SimpleBalancer.py", line 257, in distributePrefixes
    self.distributePrefixes( self.splitPrefix(prefix) )
  File "./SimpleBalancer.py", line 257, in distributePrefixes
    self.distributePrefixes( self.splitPrefix(prefix) )
  File "./SimpleBalancer.py", line 257, in distributePrefixes
    self.distributePrefixes( self.splitPrefix(prefix) )
  File "./SimpleBalancer.py", line 257, in distributePrefixes
    self.distributePrefixes( self.splitPrefix(prefix) )
  File "./SimpleBalancer.py", line 257, in distributePrefixes
    self.distributePrefixes( self.splitPrefix(prefix) )
  File "./SimpleBalancer.py", line 257, in distributePrefixes
    self.distributePrefixes( self.splitPrefix(prefix) )
  File "./SimpleBalancer.py", line 257, in distributePrefixes
    self.distributePrefixes( self.splitPrefix(prefix) )
  File "./SimpleBalancer.py", line 257, in distributePrefixes
    self.distributePrefixes( self.splitPrefix(prefix) )
  File "./SimpleBalancer.py", line 257, in distributePrefixes
    self.distributePrefixes( self.splitPrefix(prefix) )
  File "./SimpleBalancer.py", line 257, in distributePrefixes
    self.distributePrefixes( self.splitPrefix(prefix) )
  File "./SimpleBalancer.py", line 257, in distributePrefixes
    self.distributePrefixes( self.splitPrefix(prefix) )
  File "./SimpleBalancer.py", line 257, in distributePrefixes
    self.distributePrefixes( self.splitPrefix(prefix) )
  File "./SimpleBalancer.py", line 257, in distributePrefixes
    self.distributePrefixes( self.splitPrefix(prefix) )
  File "./SimpleBalancer.py", line 257, in distributePrefixes
    self.distributePrefixes( self.splitPrefix(prefix) )
  File "./SimpleBalancer.py", line 257, in distributePrefixes
    self.distributePrefixes( self.splitPrefix(prefix) )
  File "./SimpleBalancer.py", line 257, in distributePrefixes
    self.distributePrefixes( self.splitPrefix(prefix) )
  File "./SimpleBalancer.py", line 257, in distributePrefixes
    self.distributePrefixes( self.splitPrefix(prefix) )
  File "./SimpleBalancer.py", line 257, in distributePrefixes
    self.distributePrefixes( self.splitPrefix(prefix) )
  File "./SimpleBalancer.py", line 257, in distributePrefixes
    self.distributePrefixes( self.splitPrefix(prefix) )
  File "./SimpleBalancer.py", line 257, in distributePrefixes
    self.distributePrefixes( self.splitPrefix(prefix) )
  File "./SimpleBalancer.py", line 257, in distributePrefixes
    self.distributePrefixes( self.splitPrefix(prefix) )
  File "./SimpleBalancer.py", line 257, in distributePrefixes
    self.distributePrefixes( self.splitPrefix(prefix) )
  File "./SimpleBalancer.py", line 257, in distributePrefixes
    self.distributePrefixes( self.splitPrefix(prefix) )
  File "./SimpleBalancer.py", line 257, in distributePrefixes
    self.distributePrefixes( self.splitPrefix(prefix) )
  File "./SimpleBalancer.py", line 257, in distributePrefixes
    self.distributePrefixes( self.splitPrefix(prefix) )
  File "./SimpleBalancer.py", line 257, in distributePrefixes
    self.distributePrefixes( self.splitPrefix(prefix) )
  File "./SimpleBalancer.py", line 257, in distributePrefixes
    self.distributePrefixes( self.splitPrefix(prefix) )
  File "./SimpleBalancer.py", line 257, in distributePrefixes
    self.distributePrefixes( self.splitPrefix(prefix) )
  File "./SimpleBalancer.py", line 257, in distributePrefixes
    self.distributePrefixes( self.splitPrefix(prefix) )
  File "./SimpleBalancer.py", line 257, in distributePrefixes
    self.distributePrefixes( self.splitPrefix(prefix) )
  File "./SimpleBalancer.py", line 257, in distributePrefixes
    self.distributePrefixes( self.splitPrefix(prefix) )
  File "./SimpleBalancer.py", line 257, in distributePrefixes
    self.distributePrefixes( self.splitPrefix(prefix) )
  File "./SimpleBalancer.py", line 257, in distributePrefixes
    self.distributePrefixes( self.splitPrefix(prefix) )
  File "./SimpleBalancer.py", line 257, in distributePrefixes
    self.distributePrefixes( self.splitPrefix(prefix) )
  File "./SimpleBalancer.py", line 257, in distributePrefixes
    self.distributePrefixes( self.splitPrefix(prefix) )
  File "./SimpleBalancer.py", line 257, in distributePrefixes
    self.distributePrefixes( self.splitPrefix(prefix) )
  File "./SimpleBalancer.py", line 257, in distributePrefixes
    self.distributePrefixes( self.splitPrefix(prefix) )
  File "./SimpleBalancer.py", line 257, in distributePrefixes
    self.distributePrefixes( self.splitPrefix(prefix) )
  File "./SimpleBalancer.py", line 257, in distributePrefixes
    self.distributePrefixes( self.splitPrefix(prefix) )
  File "./SimpleBalancer.py", line 257, in distributePrefixes
    self.distributePrefixes( self.splitPrefix(prefix) )
  File "./SimpleBalancer.py", line 257, in distributePrefixes
    self.distributePrefixes( self.splitPrefix(prefix) )
  File "./SimpleBalancer.py", line 257, in distributePrefixes
    self.distributePrefixes( self.splitPrefix(prefix) )
  File "./SimpleBalancer.py", line 257, in distributePrefixes
    self.distributePrefixes( self.splitPrefix(prefix) )
  File "./SimpleBalancer.py", line 257, in distributePrefixes
    self.distributePrefixes( self.splitPrefix(prefix) )
  File "./SimpleBalancer.py", line 257, in distributePrefixes
    self.distributePrefixes( self.splitPrefix(prefix) )
  File "./SimpleBalancer.py", line 257, in distributePrefixes
    self.distributePrefixes( self.splitPrefix(prefix) )
  File "./SimpleBalancer.py", line 257, in distributePrefixes
    self.distributePrefixes( self.splitPrefix(prefix) )
  File "./SimpleBalancer.py", line 257, in distributePrefixes
    self.distributePrefixes( self.splitPrefix(prefix) )
  File "./SimpleBalancer.py", line 257, in distributePrefixes
    self.distributePrefixes( self.splitPrefix(prefix) )
  File "./SimpleBalancer.py", line 257, in distributePrefixes
    self.distributePrefixes( self.splitPrefix(prefix) )
  File "./SimpleBalancer.py", line 257, in distributePrefixes
    self.distributePrefixes( self.splitPrefix(prefix) )
  File "./SimpleBalancer.py", line 257, in distributePrefixes
    self.distributePrefixes( self.splitPrefix(prefix) )
  File "./SimpleBalancer.py", line 257, in distributePrefixes
    self.distributePrefixes( self.splitPrefix(prefix) )
  File "./SimpleBalancer.py", line 257, in distributePrefixes
    self.distributePrefixes( self.splitPrefix(prefix) )
  File "./SimpleBalancer.py", line 257, in distributePrefixes
    self.distributePrefixes( self.splitPrefix(prefix) )
  File "./SimpleBalancer.py", line 257, in distributePrefixes
    self.distributePrefixes( self.splitPrefix(prefix) )
  File "./SimpleBalancer.py", line 257, in distributePrefixes
    self.distributePrefixes( self.splitPrefix(prefix) )
  File "./SimpleBalancer.py", line 257, in distributePrefixes
    self.distributePrefixes( self.splitPrefix(prefix) )
  File "./SimpleBalancer.py", line 257, in distributePrefixes
    self.distributePrefixes( self.splitPrefix(prefix) )
  File "./SimpleBalancer.py", line 257, in distributePrefixes
    self.distributePrefixes( self.splitPrefix(prefix) )
  File "./SimpleBalancer.py", line 257, in distributePrefixes
    self.distributePrefixes( self.splitPrefix(prefix) )
  File "./SimpleBalancer.py", line 257, in distributePrefixes
    self.distributePrefixes( self.splitPrefix(prefix) )
  File "./SimpleBalancer.py", line 257, in distributePrefixes
    self.distributePrefixes( self.splitPrefix(prefix) )
  File "./SimpleBalancer.py", line 257, in distributePrefixes
    self.distributePrefixes( self.splitPrefix(prefix) )
  File "./SimpleBalancer.py", line 257, in distributePrefixes
    self.distributePrefixes( self.splitPrefix(prefix) )
  File "./SimpleBalancer.py", line 257, in distributePrefixes
    self.distributePrefixes( self.splitPrefix(prefix) )
  File "./SimpleBalancer.py", line 257, in distributePrefixes
    self.distributePrefixes( self.splitPrefix(prefix) )
  File "./SimpleBalancer.py", line 257, in distributePrefixes
    self.distributePrefixes( self.splitPrefix(prefix) )
  File "./SimpleBalancer.py", line 257, in distributePrefixes
    self.distributePrefixes( self.splitPrefix(prefix) )
  File "./SimpleBalancer.py", line 257, in distributePrefixes
    self.distributePrefixes( self.splitPrefix(prefix) )
  File "./SimpleBalancer.py", line 257, in distributePrefixes
    self.distributePrefixes( self.splitPrefix(prefix) )
  File "./SimpleBalancer.py", line 257, in distributePrefixes
    self.distributePrefixes( self.splitPrefix(prefix) )
  File "./SimpleBalancer.py", line 257, in distributePrefixes
    self.distributePrefixes( self.splitPrefix(prefix) )
  File "./SimpleBalancer.py", line 257, in distributePrefixes
    self.distributePrefixes( self.splitPrefix(prefix) )
  File "./SimpleBalancer.py", line 257, in distributePrefixes
    self.distributePrefixes( self.splitPrefix(prefix) )
  File "./SimpleBalancer.py", line 257, in distributePrefixes
    self.distributePrefixes( self.splitPrefix(prefix) )
  File "./SimpleBalancer.py", line 257, in distributePrefixes
    self.distributePrefixes( self.splitPrefix(prefix) )
  File "./SimpleBalancer.py", line 240, in distributePrefixes
    self.logger.debug("Distributing prefixes: " + str(prefix_array))
  File "/usr/lib/python2.6/site-packages/ipaddr.py", line 531, in __repr__
    return '%s(%r)' % (self.__class__.__name__, str(self))
  File "/usr/lib/python2.6/site-packages/ipaddr.py", line 621, in __str__
    return  '%s/%s' % (str(self.ip),
  File "/usr/lib/python2.6/site-packages/ipaddr.py", line 505, in __str__
    return  '%s' % self._string_from_ip_int(self._ip)
  File "/usr/lib/python2.6/site-packages/ipaddr.py", line 1057, in _string_from_ip_int
    octets.insert(0, str(ip_int & 0xFF))
RuntimeError: maximum recursion depth exceeded while getting the str of an object
]]>		</error>
	</testcase>
</testsuite>
