<?xml version="1.0" encoding="UTF-8"?>
<testsuite errors="1" failures="0" name="SimpleBalancerTest.TestStateChange-20151207150026" tests="1" time="2.536">
	<properties/>
	<system-out>
<![CDATA[]]>	</system-out>
	<system-err>
<![CDATA[]]>	</system-err>
	<testcase classname="SimpleBalancerTest.TestStateChange" name="test_initial_config" time="2.536">
		<error message="'TestStateChange' object has no attribute 'file'" type="AttributeError">
<![CDATA[Traceback (most recent call last):
  File "/home/saikappa/workspace/SciPass/python/t/SimpleBalancerTest.py", line 552, in test_initial_config
    assert(os.path.isfile(self.file) == 1)
AttributeError: 'TestStateChange' object has no attribute 'file'
]]>		</error>
	</testcase>
</testsuite>
