<?xml version="1.0" encoding="UTF-8"?>
<testsuite errors="0" failures="1" name="StateTest.TestPrefix-20151014153653" tests="2" time="0.036">
	<properties/>
	<system-out>
<![CDATA[]]>	</system-out>
	<system-err>
<![CDATA[]]>	</system-err>
	<testcase classname="StateTest.TestPrefix" name="test_initial_config" time="0.010"/>
	<testcase classname="StateTest.TestPrefix" name="test_sensor_prefix_split" time="0.025">
		<failure message="" type="AssertionError">
<![CDATA[Traceback (most recent call last):
  File "/home/saikappa/workspace/SciPass/python/t/StateTest.py", line 57, in test_sensor_prefix_split
    assert(["10.0.18.0/25", "10.0.18.128/25"] in prefixes)
AssertionError
]]>		</failure>
	</testcase>
</testsuite>
