<?xml version="1.0" encoding="UTF-8"?>
<testsuite errors="0" failures="2" name="SimpleBalancerOnlyTest.SimpleBalancerInitTest-20151020135152" tests="2" time="3.489">
	<properties/>
	<system-out>
<![CDATA[]]>	</system-out>
	<system-err>
<![CDATA[]]>	</system-err>
	<testcase classname="SimpleBalancerOnlyTest.SimpleBalancerInitTest" name="testInit" time="1.781">
		<failure message="250 != 566" type="AssertionError">
<![CDATA[Traceback (most recent call last):
  File "/home/saikappa/workspace/SciPass/python/t/SimpleBalancerOnlyTest.py", line 41, in testInit
    self.assertEquals(len(flows), 566)
AssertionError: 250 != 566
]]>		</failure>
	</testcase>
	<testcase classname="SimpleBalancerOnlyTest.SimpleBalancerInitTest" name="testSimpleBalance" time="1.708">
		<failure message="" type="AssertionError">
<![CDATA[Traceback (most recent call last):
  File "/home/saikappa/workspace/SciPass/python/t/SimpleBalancerOnlyTest.py", line 103, in testSimpleBalance
    self.assertTrue( len(flows) == 566)
AssertionError
]]>		</failure>
	</testcase>
</testsuite>
