<?xml version="1.0" encoding="UTF-8"?>
<testsuite errors="1" failures="0" name="ConfigTest.TestPrefix-20150930145650" tests="1" time="0.019">
	<properties/>
	<system-out>
<![CDATA[]]>	</system-out>
	<system-err>
<![CDATA[]]>	</system-err>
	<testcase classname="ConfigTest.TestPrefix" name="test_initail_config" time="0.019">
		<error message="global name 'assertTrue' is not defined" type="NameError">
<![CDATA[Traceback (most recent call last):
  File "/home/saikappa/workspace/SciPass/python/t/ConfigTest.py", line 28, in test_initail_config
    assertTrue(os.path.isfile(self.file))
NameError: global name 'assertTrue' is not defined
]]>		</error>
	</testcase>
</testsuite>
