<?xml version="1.0" encoding="UTF-8"?>
<testsuite errors="0" failures="1" name="ConfigTest.TestPrefix-20151001171420" tests="5" time="0.162">
	<properties/>
	<system-out>
<![CDATA[]]>	</system-out>
	<system-err>
<![CDATA[]]>	</system-err>
	<testcase classname="ConfigTest.TestPrefix" name="test_add_prefix" time="0.030"/>
	<testcase classname="ConfigTest.TestPrefix" name="test_initial_config" time="0.022"/>
	<testcase classname="ConfigTest.TestPrefix" name="test_move_prefix" time="0.039"/>
	<testcase classname="ConfigTest.TestPrefix" name="test_sensor_prefix_split" time="0.035"/>
	<testcase classname="ConfigTest.TestPrefix" name="test_del_prefix" time="0.035">
		<failure message="" type="AssertionError">
<![CDATA[Traceback (most recent call last):
  File "/home/saikappa/workspace/SciPass/python/t/ConfigTest.py", line 97, in test_del_prefix
    assert("10.0.20.0/24" not in prefixes)
AssertionError
]]>		</failure>
	</testcase>
</testsuite>
