<?xml version="1.0" encoding="UTF-8"?>
<testsuite errors="0" failures="1" name="SimpleBalancerOnlyTest.SimpleBalancerInitTest-20151020135242" tests="2" time="406.117">
	<properties/>
	<system-out>
<![CDATA[]]>	</system-out>
	<system-err>
<![CDATA[]]>	</system-err>
	<testcase classname="SimpleBalancerOnlyTest.SimpleBalancerInitTest" name="testInit" time="2.024"/>
	<testcase classname="SimpleBalancerOnlyTest.SimpleBalancerInitTest" name="testSimpleBalance" time="404.094">
		<failure message="54 != 49" type="AssertionError">
<![CDATA[Traceback (most recent call last):
  File "/home/saikappa/workspace/SciPass/python/t/SimpleBalancerOnlyTest.py", line 177, in testSimpleBalance
    self.assertEquals(total_runs, 49)
AssertionError: 54 != 49
]]>		</failure>
	</testcase>
</testsuite>
