<?xml version="1.0" encoding="UTF-8"?>
<testsuite errors="0" failures="1" name="SimpleBalancerTest.TestStateChange-20151207150232" tests="1" time="2.125">
	<properties/>
	<system-out>
<![CDATA[]]>	</system-out>
	<system-err>
<![CDATA[]]>	</system-err>
	<testcase classname="SimpleBalancerTest.TestStateChange" name="test_initial_config" time="2.125">
		<failure message="" type="AssertionError">
<![CDATA[Traceback (most recent call last):
  File "/home/saikappa/workspace/SciPass/python/t/SimpleBalancerTest.py", line 552, in test_initial_config
    assert(os.path.isfile("var/run/" + self.state) == 1)
AssertionError
]]>		</failure>
	</testcase>
</testsuite>
