<?xml version="1.0" encoding="UTF-8"?>
<testsuite errors="1" failures="0" name="ConfigTest.TestPrefix-20150930191745" tests="3" time="0.111">
	<properties/>
	<system-out>
<![CDATA[]]>	</system-out>
	<system-err>
<![CDATA[]]>	</system-err>
	<testcase classname="ConfigTest.TestPrefix" name="test_initial_config" time="0.026"/>
	<testcase classname="ConfigTest.TestPrefix" name="test_sensor_prefix_split" time="0.040"/>
	<testcase classname="ConfigTest.TestPrefix" name="test_move_prefix" time="0.045">
		<error message="global name 'logger' is not defined" type="NameError">
<![CDATA[Traceback (most recent call last):
  File "/home/saikappa/workspace/SciPass/python/t/ConfigTest.py", line 73, in test_move_prefix
    logger.error(prefixes)
NameError: global name 'logger' is not defined
]]>		</error>
	</testcase>
</testsuite>
