<?xml version="1.0" encoding="UTF-8"?>
<testsuite errors="1" failures="0" name="SimpleBalancerOnlyTest.SimpleBalancerInitTest-20151202160427" tests="2" time="526.354">
	<properties/>
	<system-out>
<![CDATA[]]>	</system-out>
	<system-err>
<![CDATA[]]>	</system-err>
	<testcase classname="SimpleBalancerOnlyTest.SimpleBalancerInitTest" name="testInit" time="2.024"/>
	<testcase classname="SimpleBalancerOnlyTest.SimpleBalancerInitTest" name="testSimpleBalance" time="524.331">
		<error message="global name 'logger' is not defined" type="NameError">
<![CDATA[Traceback (most recent call last):
  File "/home/saikappa/workspace/SciPass/python/t/SimpleBalancerOnlyTest.py", line 212, in testSimpleBalance
    logger.error(total_runs)
NameError: global name 'logger' is not defined
]]>		</error>
	</testcase>
</testsuite>
