<?xml version="1.0" encoding="UTF-8"?>
<testsuite errors="1" failures="0" name="SimpleBalancerTest.TestStateChange-20151207145750" tests="1" time="0.000">
	<properties/>
	<system-out>
<![CDATA[]]>	</system-out>
	<system-err>
<![CDATA[]]>	</system-err>
	<testcase classname="SimpleBalancerTest.TestStateChange" name="test_initial_config" time="0.000">
		<error message="global name 'SciPass' is not defined" type="NameError">
<![CDATA[Traceback (most recent call last):
  File "/home/saikappa/workspace/SciPass/python/t/SimpleBalancerTest.py", line 537, in setUp
    self.api = SciPass( logger = logging.getLogger(__name__),
NameError: global name 'SciPass' is not defined
]]>		</error>
	</testcase>
</testsuite>
