<?xml version="1.0" encoding="UTF-8"?>
<testsuite errors="1" failures="0" name="SimpleBalancerTest.TestStateChange-20151207150243" tests="1" time="2.256">
	<properties/>
	<system-out>
<![CDATA[]]>	</system-out>
	<system-err>
<![CDATA[]]>	</system-err>
	<testcase classname="SimpleBalancerTest.TestStateChange" name="test_initial_config" time="2.256">
		<error message="'TestStateChange' object has no attribute 'stata'" type="AttributeError">
<![CDATA[Traceback (most recent call last):
  File "/home/saikappa/workspace/SciPass/python/t/SimpleBalancerTest.py", line 553, in test_initial_config
    with open(self.stata) as data_file:
AttributeError: 'TestStateChange' object has no attribute 'stata'
]]>		</error>
	</testcase>
</testsuite>
