<?xml version="1.0" encoding="UTF-8"?>
<testsuite errors="0" failures="2" name="SimpleBalancerTest.TestPrefix-20151020210556" tests="10" time="0.016">
	<properties/>
	<system-out>
<![CDATA[]]>	</system-out>
	<system-err>
<![CDATA[]]>	</system-err>
	<testcase classname="SimpleBalancerTest.TestPrefix" name="test_add_sensor_prefix" time="0.000"/>
	<testcase classname="SimpleBalancerTest.TestPrefix" name="test_get_largest_prefix" time="0.000"/>
	<testcase classname="SimpleBalancerTest.TestPrefix" name="test_get_prefix_sensor" time="0.000"/>
	<testcase classname="SimpleBalancerTest.TestPrefix" name="test_set_prefix_bw" time="0.000"/>
	<testcase classname="SimpleBalancerTest.TestPrefix" name="test_split_prefix" time="0.001"/>
	<testcase classname="SimpleBalancerTest.TestPrefix" name="test_split_prefix_for_sensors" time="0.001"/>
	<testcase classname="SimpleBalancerTest.TestPrefix" name="test_split_prefix_for_sensors_large" time="0.011"/>
	<testcase classname="SimpleBalancerTest.TestPrefix" name="test_split_sensor_prefix" time="0.001"/>
	<testcase classname="SimpleBalancerTest.TestPrefix" name="test_del_sensor_prefix" time="0.001">
		<failure message="" type="AssertionError">
<![CDATA[Traceback (most recent call last):
  File "/home/saikappa/workspace/SciPass/python/t/SimpleBalancerTest.py", line 204, in test_del_sensor_prefix
    self.assertTrue(res == 1)
AssertionError
]]>		</failure>
	</testcase>
	<testcase classname="SimpleBalancerTest.TestPrefix" name="test_move_sensor_prefix" time="0.000">
		<failure message="" type="AssertionError">
<![CDATA[Traceback (most recent call last):
  File "/home/saikappa/workspace/SciPass/python/t/SimpleBalancerTest.py", line 226, in test_move_sensor_prefix
    self.assertTrue(res == 1)
AssertionError
]]>		</failure>
	</testcase>
</testsuite>
