<?xml version="1.0" encoding="UTF-8"?>
<testsuite errors="0" failures="1" name="SimpleBalancerOnlyTest.SimpleBalancerInitTest-20151020192011" tests="2" time="476.496">
	<properties/>
	<system-out>
<![CDATA[]]>	</system-out>
	<system-err>
<![CDATA[]]>	</system-err>
	<testcase classname="SimpleBalancerOnlyTest.SimpleBalancerInitTest" name="testInit" time="1.796"/>
	<testcase classname="SimpleBalancerOnlyTest.SimpleBalancerInitTest" name="testSimpleBalance" time="474.700">
		<failure message="22 != 24" type="AssertionError">
<![CDATA[Traceback (most recent call last):
  File "/home/saikappa/workspace/SciPass/python/t/SimpleBalancerOnlyTest.py", line 189, in testSimpleBalance
    self.assertEquals(total_runs, 24)
AssertionError: 22 != 24
]]>		</failure>
	</testcase>
</testsuite>
