<?xml version="1.0" encoding="UTF-8"?>
<testsuite errors="0" failures="1" name="SimpleBalancerOnlyTest.SimpleBalancerInitTest-20151020181134" tests="1" time="0.024">
	<properties/>
	<system-out>
<![CDATA[28
]]>	</system-out>
	<system-err>
<![CDATA[]]>	</system-err>
	<testcase classname="SimpleBalancerOnlyTest.SimpleBalancerInitTest" name="testInit" time="0.024">
		<failure message="28 != 566" type="AssertionError">
<![CDATA[Traceback (most recent call last):
  File "/home/saikappa/workspace/SciPass/python/t/SimpleBalancerOnlyTest.py", line 42, in testInit
    self.assertEquals(len(flows), 566)
AssertionError: 28 != 566

Stdout:
28
]]>		</failure>
	</testcase>
</testsuite>
