<?xml version="1.0" encoding="UTF-8"?>
<testsuite errors="1" failures="0" name="InlineTest.InlineInitTest-20151020154527" tests="1" time="0.002">
	<properties/>
	<system-out>
<![CDATA[]]>	</system-out>
	<system-err>
<![CDATA[]]>	</system-err>
	<testcase classname="InlineTest.InlineInitTest" name="testInit" time="0.002">
		<error message="1" type="SystemExit">
<![CDATA[Traceback (most recent call last):
  File "/home/saikappa/workspace/SciPass/python/t/InlineTest.py", line 20, in setUp
    config = str(os.getcwd()) + "/t/etc/Inline.xml" )
  File "./SciPass.py", line 59, in __init__
    self._validateConfig(self.configFile, self.schemaFile)
  File "./SciPass.py", line 454, in _validateConfig
    sys.exit(1)
SystemExit: 1
]]>		</error>
	</testcase>
</testsuite>
