<?xml version="1.0" encoding="UTF-8"?>
<testsuite errors="0" failures="1" name="SimpleBalancerOnlyTest.SimpleBalancerInitTest-20151020173034" tests="1" time="2.577">
	<properties/>
	<system-out>
<![CDATA[976
]]>	</system-out>
	<system-err>
<![CDATA[]]>	</system-err>
	<testcase classname="SimpleBalancerOnlyTest.SimpleBalancerInitTest" name="testInit" time="2.577">
		<failure message="976 != 566" type="AssertionError">
<![CDATA[Traceback (most recent call last):
  File "/home/saikappa/workspace/SciPass/python/t/SimpleBalancerOnlyTest.py", line 42, in testInit
    self.assertEquals(len(flows), 566)
AssertionError: 976 != 566

Stdout:
976
]]>		</failure>
	</testcase>
</testsuite>
