<?xml version="1.0" encoding="UTF-8"?>
<testsuite errors="0" failures="1" name="SimpleBalancerOnlyTest.SimpleBalancerInitTest-20151117192219" tests="2" time="472.034">
	<properties/>
	<system-out>
<![CDATA[]]>	</system-out>
	<system-err>
<![CDATA[]]>	</system-err>
	<testcase classname="SimpleBalancerOnlyTest.SimpleBalancerInitTest" name="testInit" time="1.527"/>
	<testcase classname="SimpleBalancerOnlyTest.SimpleBalancerInitTest" name="testSimpleBalance" time="470.507">
		<failure message="25 != 45" type="AssertionError">
<![CDATA[Traceback (most recent call last):
  File "/home/saikappa/workspace/SciPass/python/t/SimpleBalancerOnlyTest.py", line 189, in testSimpleBalance
    self.assertEquals(total_runs, 45)
AssertionError: 25 != 45
]]>		</failure>
	</testcase>
</testsuite>
